CREATE TABLE bintest (p postcode, d dps);
\copy bintest FROM '/home/dave/dev/postcode/data/binary.data' WITH BINARY;
SELECT * FROM bintest;
    p     | d  
----------+----
 SW19 6LR | 2E
 MK44 2HL | 1X
 IG10 1QD | 7E
 SR1 2JT  | 4W
 WA2 9HG  | 7A
 B60 9EZ  | 1J
 CT19 4AD | 3Q
 ME19 5WQ | 7Z
 SY5 0PN  | 1Y
 DL3 0JS  | 2E
 E11 1UB  | 9G
 CT12 5AA | 4R
 CA8 2AZ  | 7U
 NP20 2XE | 7G
 PO21 9JA | 8A
 MK4 3AA  | 7T
 NG3 4PA  | 3Z
 M30 0LZ  | 6H
 GY7 9NQ  | 5R
 E17 7PZ  | 3P
 IP13 0RZ | 1F
 BA21 3LH | 2F
 SN12 6BU | 1A
 TN24 0JZ | 8Y
 LS18 4EW | 6A
 ST18 9LP | 2L
 LN11 8GA | 9B
 JE3 1NT  | 5D
 BT79 7XE | 8T
 DE45 1UH | 8W
 SY11 4PZ | 2X
 SY16 1WA | 3E
 WS11 8WF | 6U
 G43 1RA  | 8T
 LS27 1AU | 8Y
 S63 6NN  | 2A
 B31 1RZ  | 9D
 IV1 1LR  | 5D
 OX7 9BL  | 5G
 DL8 5JN  | 8R
 WF6 2XA  | 2L
 IG8 0HW  | 3E
 OL13 9DH | 2R
 MK10 9JA | 8E
 PL30 4HP | 5B
 BD20 0HJ | 1R
 NE10 8ER | 1S
 BT32 3AY | 5J
 DL11 6AA | 3E
 CW1 5AL  | 5U
 DH1 4QU  | 4N
 GL53 7QZ | 6X
 TA7 8NN  | 4A
 SO50 6FH | 5X
 ME5 7BP  | 8D
 LE2 6BN  | 6A
 HR4 8DH  | 2T
 HD7 7BT  | 6D
 FY6 0PT  | 9Z
 BH2 5XG  | 2B
 OL4 5EX  | 1S
 ST7 2AQ  | 3U
 PH1 1JU  | 8Z
 CF64 5XG | 9A
 OX5 1GS  | 3N
 LU6 1AP  | 7R
 G61 2DT  | 9F
 LA23 1EL | 8U
 NP44 6EA | 6X
 GU31 5JR | 8L
 KA1 4AN  | 7Y
 PR9 8JQ  | 9P
 CA14 1YB | 4H
 TS12 1BS | 9H
 DE21 7HA | 2S
 PO33 4EL | 4R
 B80 7BA  | 5P
 M44 6ND  | 5S
 SN11 8WT | 7W
 L5 9RB   | 7Z
 MK3 6WU  | 2E
 SS5 6DP  | 6T
 DY7 5AP  | 6S
 TA10 0QX | 7J
 BT34 3LE | 9N
 TW4 6LT  | 2Y
 BN1 4YL  | 5R
 G20 6SP  | 7G
 HR2 7AJ  | 1Z
 SN8 2TL  | 8Q
 E10 7EW  | 9F
 SW2 4RX  | 6F
 PA2 8PS  | 5Z
 NN16 0DH | 7Q
 SL1 5HT  | 2E
 GL8 8NB  | 8F
 TN39 3DN | 1Y
 PL15 9DF | 3B
 LA9 5PN  | 7E
 GU12 6RQ | 8Z
 CB3 0HH  | 9W
 WD6 5JP  | 6F
 BD10 9JJ | 2P
 NR7 0WG  | 4L
 SY2 5XR  | 2L
 DN15 9RF | 9R
 GU34 4LN | 3N
 NE10 0DF | 7H
 HD9 7YR  | 7F
 BS5 6TR  | 2D
 SM3 9DT  | 8S
 CT2 9AE  | 9U
 BS15 4XQ | 2U
 FK10 2US | 7P
 PO19 3RR | 9W
 WN1 1EZ  | 4J
 DD10 8BL | 2R
 MK43 9LT | 8A
 PE11 9FA | 9X
 PE30 5ER | 4J
 WA4 6DG  | 6R
 TQ12 1WB | 7H
 W6 7BY   | 6Q
 OL7 9PL  | 2W
 BT71 7RN | 6E
 NW8 0HY  | 8T
 HA4 0BB  | 7Y
 SS7 3NB  | 1R
 KT22 7HZ | 2S
 GL53 8NB | 6Z
 M45 9AL  | 1W
 SP7 0EN  | 9W
 YO62 6HA | 7D
 PR2 8AN  | 2Z
 L8 5TW   | 5P
 PR2 3LL  | 8H
 BA3 3YA  | 8G
 DE12 8BJ | 2G
 EX17 6HW | 3N
 SO53 4DN | 4L
 GU18 5UW | 7D
 ST3 3NJ  | 8S
 BT78 4AE | 5L
 BB2 9BJ  | 9U
 S36 4GS  | 4Z
 TF2 6NF  | 3Q
 L31 5NW  | 4W
 PA3 2LZ  | 2A
 DE55 6LA | 5G
 CB5 8FS  | 2Y
 HP27 0AW | 7X
 PH2 1DB  | 9S
 HU3 2DX  | 5U
 JE3 8GT  | 6R
 RG2 8JW  | 8X
 LA9 4HR  | 1A
 BA1 5ES  | 5S
 BT79 7TJ | 4U
 NN18 0HB | 8J
 PL30 5BE | 1Z
 EX32 0LR | 6A
 L8 1XN   | 1F
 BT23 7PD | 1Z
 KT2 7WG  | 8G
 CR6 9ZP  | 6Z
 NR33 7JR | 2R
 BT1 1AP  | 9L
 OL10 1BW | 4J
 SS16 5TT | 6J
 MK42 8HT | 4L
 CF83 9BX | 4J
 CT10 1NB | 9E
 BS40 6NB | 6G
 B61 0PP  | 8U
 LL13 8DY | 3D
 MK15 9AW | 5Q
 AB21 0WN | 8F
 GU13 9QT | 1T
 BA3 5QW  | 6A
 L35 0LT  | 5Y
 AB56 5BH | 9T
 E1 6LX   | 3Z
 SG17 5HZ | 3F
 TW12 1BQ | 5U
 PO4 9RP  | 9A
 WD2 3TZ  | 6U
 N22 6NL  | 8G
 NG12 2HS | 8Q
 LU1 5JE  | 2N
 PE9 1UG  | 6E
 CH42 8LB | 2Q
 DH2 3AF  | 6L
 W1J 5JU  | 5N
 NN16 9NA | 4G
 DT8 3HF  | 6F
 HD5 8WY  | 1F
 BT34 3UU | 9N
 L18 8DT  | 8E
 WC1B 5BH | 5A
 CO4 0NB  | 8E
 IG1 9JB  | 2H
 SN12 8ES | 7T
 KA3 4EE  | 1X
 BN2 1JB  | 8D
 W1F 7NU  | 1A
 M7 3QH   | 3J
 TN19 7NY | 9Q
 M43 7WX  | 3S
 TS26 0HU | 3W
 BN10 8BX | 4Y
 TN15 7NW | 1Y
 KA3 5JY  | 7G
 CH63 0PU | 2T
 GU27 9AF | 4L
 NG18 3HG | 6L
 W3 8HY   | 5E
 BR1 4PD  | 4A
 W1U 1PD  | 9F
 WV6 6EH  | 5Z
 BS22 9UG | 7D
 WF16 9AL | 9L
 RG24 9GL | 7H
 S20 4TN  | 8N
 RG1 7PE  | 8N
 OX9 5JY  | 1D
 EC3M 7HR | 1Z
 W4 1QG   | 5G
 DY3 1UU  | 3E
 G2 9BN   | 2U
 SN8 1UF  | 5E
 RH13 6TD | 4N
 CH8 9HU  | 1Y
 HA8 9PL  | 9T
 TN24 0FZ | 3J
 L30 7QL  | 1D
 PO5 3EW  | 5Z
 DA5 1LD  | 4Z
 WD17 4YP | 9L
 WC1H 9QS | 5T
 WA5 1SY  | 1T
 M27 9XT  | 2S
 YO24 4PL | 7L
 DN11 0YL | 2S
 AB12 3LD | 9Y
 EH40 3BA | 8Q
 BT23 5JS | 2G
 ML5 4UX  | 1X
 HP1 2TJ  | 2Q
 HR1 1TH  | 6D
 NR10 5BX | 7D
 NW7 2GB  | 6Z
 L4 2SU   | 6B
 BT42 4JN | 3G
 EX32 8XN | 8Z
 NP16 6QU | 6J
 NG11 1DJ | 3Y
 OX4 7XN  | 1P
 S43 3PH  | 1Q
 S1 4DF   | 8Y
 M90 1AH  | 8Y
 SW7 4XU  | 5H
 TN16 2AD | 7P
 NG17 4GF | 5W
 PO16 0TH | 3F
 S71 3YQ  | 7T
 EX20 4EN | 9Z
 NP22 3QZ | 2G
 BT93 1HN | 9L
 IG1 2TW  | 5L
 G32 8YP  | 1A
 MK45 5EF | 7D
 SP10 9GQ | 5R
 PR8 9LF  | 5B
 S6 6YL   | 5Q
 EH7 5XA  | 6S
 BN50 9QR | 7Z
 EN77 1SZ | 3W
 DL9 4EQ  | 9F
 BT63 5GW | 3X
 OL16 4BL | 6T
 HA2 6RF  | 9P
 G66 7HN  | 7E
 G52 4XJ  | 7J
 DN39 6YZ | 2U
 PR5 6FD  | 8H
 CA11 7QY | 6Q
 EH13 9LJ | 8R
 PO5 1JN  | 4J
 NR9 4QD  | 6W
 SK4 3DE  | 7D
 N17 6YP  | 4F
 SN15 1QU | 9B
 WD17 2FF | 7Q
 PO1 2HG  | 4W
 BS2 8NH  | 4R
 HG2 0NU  | 2Z
 WA16 8AH | 2N
 WS12 5FD | 1H
 DL4 1JY  | 2Z
 YO32 5TS | 3G
 LE11 4TB | 6B
 CV10 9NB | 4G
 SN4 0AS  | 5W
 RG10 8AX | 6A
 W1H 4JJ  | 2B
 SN12 6QD | 7U
 CO4 3RS  | 3J
 NE6 5BF  | 8P
 FY8 1FX  | 2T
 CV37 7QQ | 3Z
 LL14 4LL | 3D
 M26 4FD  | 7L
 LL20 7DF | 5G
 DN14 9PJ | 5S
 HP27 9ZN | 4P
 PO2 9RS  | 8N
 DA1 4ER  | 7E
 AB55 6LH | 8H
 L15 9EY  | 1L
 HU12 0JE | 4Q
 BN17 7QY | 3Z
 WR2 6RR  | 8B
 M27 5TS  | 8H
 S64 8JX  | 7Y
 CO13 9EN | 2S
 IM8 1BJ  | 7P
 YO31 0YT | 6B
 SR1 3HW  | 1P
 TS4 2HS  | 8F
 SA40 9XT | 4Q
 SW19 9FF | 7T
 CM23 3UY | 7D
 DL5 4BH  | 3Z
 WD1 3LH  | 5E
 LL21 1AH | 4H
 TA6 3SP  | 2W
 GU17 0DB | 8S
 BT74 6BT | 2X
 RH5 6ED  | 1F
 TN39 3UP | 8Q
 WD18 1DA | 6L
 BS11 0DE | 9T
 GU1 2XT  | 8A
 TR14 9EG | 2U
 PE11 9AT | 6Z
 NE61 2YL | 2Q
 BS10 5BH | 1A
 CA19 1TE | 1F
 LU7 9BQ  | 2T
 KA11 3DA | 9B
 WS15 3SD | 8E
 BS48 2AZ | 1P
 BT38 9SP | 5J
 SN5 5PG  | 1G
 BS31 1FG | 3J
 FY8 9SU  | 6P
 TA4 4AA  | 4S
 NW1 1WP  | 5T
 KT5 9BS  | 6E
 LN11 1TQ | 7W
 OX11 6AY | 4B
 SS9 1DE  | 9X
 WN8 7RB  | 1Y
 SS5 4BQ  | 3R
 ST18 0NG | 7J
 CM22 7DY | 6U
 DE4 5FP  | 3Y
 EC4Y 7DL | 6L
 NG18 3DJ | 2U
 OX16 5QB | 1G
 LS9 7AG  | 9E
 HU10 6LS | 4F
 EX9 7DY  | 6X
 DT11 1SR | 9Y
 BT23 4YB | 7B
 LL29 8SP | 9T
 BT78 4PZ | 6N
 DL8 5PT  | 7J
 BT45 5HL | 8E
 TQ5 8LP  | 3P
 LA1 3BY  | 5N
 KY7 4QW  | 9T
 DL11 7TA | 8S
 SK15 2FD | 6H
 DH3 9AF  | 4P
 LL11 6UB | 8T
 L5 8SS   | 1N
 EH54 6ZJ | 6Y
 SY2 5LG  | 8U
 B20 2WF  | 7Y
 M43 6HN  | 2F
 IP30 9PQ | 1L
 BB8 8NH  | 8X
 NR32 2AB | 3S
 BN9 9GG  | 4G
 DN35 7SP | 3W
 LN2 5RH  | 5R
 CV34 4LW | 3S
 IM4 1HQ  | 2E
 HA0 1WF  | 8W
 SG2 0JL  | 5X
 NG13 9JA | 9B
 BH6 3AN  | 7D
 BH20 7LG | 2J
 WR11 6HT | 4T
 PH33 7PP | 9E
 TR13 0AW | 6G
 DN40 1DX | 3U
 PR5 2EF  | 3X
 BT55 7EY | 9R
 WD2 3SE  | 3N
 DE23 6AN | 9H
 CB9 0HP  | 5Y
 PE9 3SR  | 8T
 IM1 2PG  | 6Y
 EN8 7RP  | 9Q
 LN2 3RZ  | 3H
 TA1 1RZ  | 5F
 NW2 7EL  | 1W
 LE4 3JY  | 1E
 L19 6PL  | 7A
 KT17 1LP | 5F
 M40 9LQ  | 5J
 TR27 5XQ | 5E
 ME10 5LA | 4E
 B77 4DN  | 5X
 BB11 2JL | 9Y
 ST5 0NG  | 9Z
 BD17 7WG | 4G
 W9 3HL   | 5S
 CO8 5AR  | 8W
 IP32 7DJ | 7Y
 OX1 5NW  | 2L
 SO15 3UQ | 3P
 WA2 7EG  | 5W
 IP8 3UJ  | 8E
 CF39 0NN | 5R
 SA62 3NF | 5S
 LS2 9DA  | 3B
 CW8 3BQ  | 2B
 EH33 1RY | 6Q
 WC2H 9PT | 1B
 S40 1PL  | 2T
 SG5 1HJ  | 9N
 CM8 2NJ  | 4R
 UB8 9EQ  | 8A
 MK13 7UE | 6D
 KT3 4DQ  | 7A
 NG5 4EF  | 9A
 M35 9UZ  | 6U
 BS15 1AY | 6E
 PO9 9BP  | 8T
 S18 2XX  | 8A
 EC2M 3XD | 5S
 L37 2HP  | 5Z
 SK14 9DE | 1G
 IP11 9QU | 4U
 HR2 8AL  | 2Y
 DY7 6AQ  | 2B
 SO32 2NP | 7H
 SE24 0PZ | 5L
 YO32 5RU | 5U
 OX12 8PX | 6S
 BA14 6HB | 6N
 B66 1HJ  | 4D
 TS18 2HW | 3Z
 TW5 0YN  | 7X
 DG7 2NF  | 3G
 BS99 2GN | 6L
 DE72 3DS | 5N
 HP19 8JE | 5P
 NP8 1LH  | 5S
 IP8 3QH  | 7B
 CA14 1DR | 5X
 SS4 1RP  | 1Z
 G46 7QH  | 1D
 CF23 9NJ | 3Y
 BA7 7HR  | 8W
 BT40 1SH | 9R
 HP20 1RY | 5H
 YO11 1UU | 3F
 NG17 8PF | 6R
 DL2 3EN  | 6R
 B45 0HE  | 5X
 LA23 1NL | 5D
 ST16 3YQ | 3Y
 TR7 2FE  | 2L
 GL54 5TD | 5Z
 DE55 7AH | 4F
 CM15 9JP | 2B
 IP4 2HN  | 6L
 ML6 0AD  | 1J
 DE11 9WZ | 1R
 BB8 8EF  | 5F
 WA8 9UD  | 7Z
 CW5 7RQ  | 9U
 BA14 6BE | 9T
 TA5 2DU  | 9P
 BS35 1RP | 5D
 RH1 6NF  | 3X
 NN11 5TX | 3G
 NR1 1TG  | 7N
 N3 2UU   | 7T
 RG20 8HF | 1A
 HA0 1LJ  | 5Q
 EX4 3BL  | 9G
 LS25 5EW | 6Z
 WS1 4LD  | 8N
 PH15 2AF | 5L
 TR27 6HQ | 6H
 SA18 2LN | 8L
 WA7 2EJ  | 3D
 RG12 9XS | 4H
 KA21 6AH | 1D
 BD4 0JT  | 8H
 SW4 0HG  | 3X
 BN3 7GJ  | 5S
 TN13 9EE | 1A
 NN8 3PT  | 8Y
 TW7 7QX  | 5Y
 RM11 2DB | 8U
 CV3 2HD  | 8J
 HX3 5WN  | 4T
 EX8 5RQ  | 4E
 TF12 5HB | 1H
 SW7 1SE  | 5D
 LE15 0FT | 3Y
 BD2 3ER  | 5D
 MK44 3AF | 8W
 M21 7NW  | 2J
 BT6 8WZ  | 7D
 DL5 4ND  | 8H
 LL65 4ZT | 4D
 BT48 6JG | 8F
 IG3 9SA  | 3A
 DH8 9UW  | 7S
 S75 1EF  | 1X
 W4 3GX   | 3D
 CM1 7RX  | 3U
 CF63 4PS | 7D
 CB8 8DP  | 3J
 GY1 3QW  | 9Z
 LL18 1BU | 4Y
 LS23 7AL | 9J
 NG20 8BB | 8S
 M15 5JF  | 7F
 KA8 8BN  | 3Z
 UB9 6SR  | 5U
 B46 1WP  | 4S
 BN1 8AT  | 7S
 EC1A 1UW | 6A
 CH43 1TY | 5B
 M11 2WR  | 5P
 PR7 5LF  | 3F
 B11 1PP  | 4H
 RG40 9HG | 3G
 RM6 6PH  | 1P
 AL7 9JD  | 1Z
 CV2 1TY  | 5R
 DE75 7JE | 5E
 SE12 0BZ | 4D
 BS23 4LS | 6L
 CW9 5DB  | 9A
 AB24 2TJ | 9T
 PR8 3AA  | 9P
 KY5 0UX  | 1J
 B2 2US   | 8J
 CF37 3EY | 4L
 M46 9EN  | 2W
 BS23 4XF | 7H
 PL6 7PR  | 5U
 ML3 0QB  | 5A
 BT25 1YH | 7Q
 SO19 0JF | 9J
 RG40 9SY | 3T
 KY16 9DT | 2Z
 TQ5 8WX  | 8A
 BL2 1AY  | 9D
 TW15 9AN | 4A
 WA10 6EN | 5B
 LS28 9AJ | 3S
 HP11 2BL | 8P
 IG1 3JT  | 3R
 PL4 9BY  | 6A
 NP11 7PJ | 3P
 ME20 6HU | 7W
 OX3 0GA  | 7P
 OX7 6ED  | 5F
 BS36 2TA | 9U
 IM4 7DY  | 9U
 ML11 9SU | 4W
 BS2 0JP  | 4N
 SN11 8NE | 3Z
 NE47 6BJ | 2W
 DN5 7UX  | 5U
 SN16 0NS | 2D
 KA9 1TR  | 1J
 B11 2PN  | 8Z
 ST6 7PN  | 6E
 SL3 8UJ  | 5N
 SY23 3DQ | 9Q
 HR4 8QJ  | 6Q
 RG26 4LU | 2P
 BN9 0NZ  | 4F
 BS23 2DF | 1F
 NG13 8BQ | 7H
 CM3 6RW  | 6Y
 SS4 9AN  | 8Q
 EX15 2BW | 3W
 YO14 9PS | 6Y
 TS6 0PT  | 9Q
 SO45 5AA | 2B
 TS10 4AE | 1Q
 TD15 1NR | 6S
 SO50 9LT | 3J
 HD2 2HL  | 2G
 ZE1 0HR  | 8W
 G72 8RP  | 2G
 E17 5BF  | 8P
 WN1 1LR  | 7G
 IP25 6BY | 1E
 NG2 3HP  | 4Y
 LL13 0WU | 1J
 HP23 4AY | 1T
 KA30 8AB | 6W
 HR3 6EA  | 1Y
 UB7 9EB  | 5D
 RH12 3JF | 4N
 CV21 2QZ | 5L
 NR5 8RA  | 7H
 DT6 3YQ  | 5N
 M15 4JT  | 8Z
 WS11 3UR | 6P
 ME9 9PA  | 6L
 PE17 3LN | 4N
 OX44 7WB | 7Q
 YO42 1QE | 3L
 G82 9ZT  | 4E
 B92 9LD  | 7J
 PE4 6WN  | 2R
 PO18 9AT | 6G
 SE1 1RT  | 1X
 TA17 8SE | 2B
 RM17 5HY | 2Y
 B49 6NE  | 3H
 CM7 5EU  | 9X
 SW1W 0LJ | 5Y
 NE1 4BB  | 4Y
 PR4 5SX  | 7Y
 HA5 5UU  | 7P
 M22 1SA  | 7A
 M28 7XR  | 4F
 SO50 0HD | 8W
 PR2 8GS  | 2D
 IP22 1AL | 3X
 EH12 8NP | 7T
 WA7 5LA  | 8G
 TQ11 0JY | 9S
 ME11 5BX | 4P
 BT4 9BY  | 7L
 SP6 3PN  | 2J
 EH17 8AY | 4Z
 KY8 4RW  | 5Z
 AL5 3PL  | 1X
 SG17 9TX | 5G
 PO3 6NS  | 9T
 GL11 5WG | 2J
 LE65 2HL | 8X
 L14 7QS  | 3P
 LN9 5HT  | 1H
 BS22 7JH | 3L
 HA9 8WD  | 4U
 SN8 2JW  | 5G
 SE18 7LL | 2R
 DE6 1NN  | 7Y
 NN13 6NH | 5P
 SS4 9TB  | 2J
 B48 7PP  | 8L
 IV2 4PZ  | 9U
 W1G 7HD  | 5L
 NR6 7QW  | 2E
 AB30 1AB | 4E
 BS11 9RB | 2Z
 SS1 3WD  | 7R
 CH5 1BQ  | 2N
 W13 9ZG  | 9P
 HA7 3AT  | 9F
 CF63 4AU | 5A
 NG3 6LG  | 3G
 WA7 6FF  | 2X
 NN16 9PG | 4U
 RG27 8LH | 4U
 NG7 2WY  | 4Z
 TS19 0WD | 6Z
 SE2 9QU  | 3N
 OL12 7AN | 8W
 YO62 6DX | 4T
 MK6 2EG  | 5T
 M19 2TY  | 6F
 TQ2 6JF  | 8B
 HX3 6HJ  | 7Y
 SK7 4AH  | 4F
 DA11 0RR | 6X
 PE29 1PU | 1F
 BL1 5TH  | 3S
 B31 4NZ  | 1Z
 PE17 3FE | 2G
 DL17 8ET | 1E
 TN22 5JX | 9H
 NN8 4UA  | 8L
 LL19 0AP | 3F
 CH7 9YG  | 7Y
 DL12 0SY | 9B
 WN1 2RL  | 5P
 SA1 6WA  | 2U
 E10 7DZ  | 6E
 RH19 3HU | 5P
 HR4 8SH  | 9E
 GY6 8DF  | 8W
 E17 9PD  | 9N
 NW5 3QD  | 3P
 B32 3EQ  | 5E
 BB5 2LU  | 8B
 SW9 7JR  | 2S
 SY2 6LN  | 4R
 DA13 0XP | 9H
 WS10 9TB | 5J
 DL1 9ET  | 6N
 HR5 3BQ  | 9T
 W6 0YW   | 2L
 SG17 5LU | 9L
 PO5 3DW  | 9X
 NN13 7YP | 3E
 WC2H 9HE | 2B
 NG9 3GJ  | 4B
 L4 3TN   | 5Z
 M45 8AZ  | 1X
 LL77 9YA | 7N
 G4 9HG   | 4L
 BT39 9XY | 2W
 LN2 3JZ  | 1H
 ML3 7SX  | 7T
 LS11 6BF | 8Q
 RG19 3JB | 8P
 BL6 9BT  | 5U
 M32 0EG  | 9E
 ME9 7UA  | 3E
 BA5 3PH  | 6P
 TS9 7LD  | 2A
 LS9 0EW  | 4T
 AB53 4BP | 9W
 UB4 0PB  | 6F
 TS11 6BF | 8D
 BH18 8HW | 8T
 NW5 9DR  | 2N
 GU2 5YG  | 4T
 HX3 9JL  | 7Z
 SO41 0TR | 1Y
 SK6 7NJ  | 4Q
 M41 9DB  | 6A
 IG8 8NU  | 1U
 HP2 5HY  | 3D
 TW4 5RN  | 3B
 WF10 2QJ | 2N
 NG1 5NL  | 9E
 HP15 6HX | 4P
 WN8 8JZ  | 1J
 GY9 3NG  | 6P
 HA3 5UU  | 3T
 PH8 0AA  | 7T
 YO31 7UE | 4H
 NN3 6JW  | 7N
 BA3 4LX  | 8F
 SG6 4LL  | 1Q
 BT12 6EE | 4T
 AB21 9YS | 1Y
 PE19 4UD | 6D
 CM0 8EQ  | 9L
 TS14 6PP | 6D
 WA15 8TY | 1A
 WR2 4XN  | 6B
 NE64 6WY | 2J
 HP15 6UZ | 4S
 CF32 9EX | 2Z
 EH7 5UD  | 9S
 CV3 6AZ  | 6R
 HA1 1ED  | 3G
 L27 0WZ  | 5P
 M20 5SL  | 3A
 DG3 4EF  | 6E
 WC1E 6WU | 8P
 NE66 1PQ | 6A
 M24 6NW  | 9B
 BT17 0WX | 5B
 CR7 6BJ  | 1W
 EH7 4ZS  | 6T
 LL65 2DB | 2W
 SE27 9ZU | 1A
 PA19 1RX | 6T
 NR17 2NL | 9G
 IP31 1BB | 9L
 DY11 5EZ | 4T
 S2 4AB   | 4A
 CT19 5HY | 2N
 LE10 3LE | 1E
 CV35 8RD | 6X
 CT2 0LH  | 4T
 NW9 5EP  | 8L
 BA20 2BS | 9Q
 KT1 9HA  | 4P
 SY3 7RA  | 9G
 DL12 9HN | 9A
 NG19 8DZ | 8S
 LS21 9AL | 2B
 BL7 0FH  | 3Z
 SE4 2ZJ  | 1L
 WA2 8WP  | 9B
 W1F 0RJ  | 3F
 IP25 6GT | 6B
 GU9 0JZ  | 6J
 GL20 7WL | 6Z
 MK10 1NQ | 2R
 N1 9HQ   | 7S
 NG9 1FA  | 2E
 EN77 1AS | 5R
 SO41 1AP | 7Q
 S61 3RX  | 4N
 TS8 0TR  | 8G
 WN6 8EF  | 9P
 EX4 4EP  | 1T
 M33 7LD  | 3U
 WA15 7WX | 7J
 NG7 4DU  | 5A
 NR32 3AP | 9F
 AB15 8HT | 7T
 PE30 4SQ | 5W
 NG7 6HZ  | 7L
 CH45 7PW | 2J
 GL6 6YW  | 5X
 CW3 9HX  | 7Y
 B28 8SQ  | 7W
 LN5 9YR  | 7N
 DY5 2WR  | 6F
 BB5 2JF  | 5E
 LL21 0LP | 9J
 SO40 2WL | 7U
 HU15 1TR | 2G
 SL4 6PH  | 2X
 AB56 5SE | 8L
 RG30 4QH | 6B
 EH5 3BP  | 5Q
 B71 3NR  | 5H
 PO15 5RP | 3G
 IP17 2QS | 2H
 BN3 5SY  | 7Z
 CT11 0QX | 5Y
 W6 7XG   | 9U
 SK13 2EE | 2J
 NE29 0YW | 1H
 E10 5HG  | 3G
 CM11 1BH | 5Q
 DE73 5AZ | 4J
 BT28 3JN | 6U
 UB7 0ZS  | 6D
 TF7 5WW  | 9R
 LA5 0SN  | 1W
 LL13 7ND | 9A
 DT10 1BN | 4X
 HD7 1SP  | 5R
 BT43 6WE | 1Q
 HU9 9FN  | 3Y
 SG17 5TS | 1L
 IP3 9WZ  | 5E
 B97 6TB  | 8U
 BN3 3RF  | 4P
 SK22 4DA | 8F
 BT29 4GJ | 8P
 TN11 8RY | 8P
 PH33 7RA | 5T
 NR1 3ZJ  | 3H
 BB8 9EQ  | 3L
 SK6 1SG  | 6S
 NR29 3LJ | 9D
 SY13 2DP | 9J
 BR6 0LA  | 1T
 NW1W 8DQ | 8Q
 BB2 6LX  | 7W
 KA20 3JY | 8U
 SN8 1UW  | 5A
 M7 4QA   | 2Z
 SW15 4PX | 3L
 EX15 1FB | 1A
 WC2N 4WX | 9B
 WR4 9JT  | 6X
 HA6 2WY  | 6F
 NP23 4PE | 2L
 CB2 5QS  | 1S
 OX12 9RX | 1B
 YO23 1EU | 7J
 CV7 9JP  | 3B
 EH6 7PS  | 5X
 SW4 8AE  | 8F
 CF72 8BE | 4N
 ST8 7NX  | 8Q
 G67 9AA  | 1P
 TW15 3QR | 9W
 LL12 0DS | 4J
 YO16 6GB | 2X
 B13 9AF  | 6U
 BS36 2TT | 5Y
 AL5 4RW  | 5G
 G73 5EY  | 4R
 BT74 9BY | 8G
 SA3 5YP  | 8T
 BT22 1DD | 7E
 RM3 0FZ  | 5W
 W12 6XA  | 6Y
 SS15 5UY | 5U
 L39 5DT  | 8Z
 BH11 8TH | 4B
 DY7 5BW  | 6B
 RG25 2BH | 7Q
 L26 0UA  | 3H
 G2 9YB   | 3E
 WA13 0PF | 6S
 KT17 2ER | 1S
 SK14 4SQ | 1J
 CM21 0AL | 8Y
 NG13 8ZL | 8S
 GL2 0NL  | 4Q
 GL54 4YG | 7U
 TS1 2WX  | 3F
 WA4 5XE  | 9Q
 CB9 7GZ  | 6Y
 S61 1NQ  | 3X
 NR30 4AD | 5S
 WA4 6EN  | 5Q
 S2 9DE   | 2W
 AB11 6LD | 9H
 DL13 3RB | 7A
 G22 6AE  | 7Q
 CH7 6ST  | 9T
 G76 7LN  | 9T
 WV14 8XB | 1U
 KT22 7QF | 9A
 NG23 5DU | 8T
 NW6 6FS  | 2D
 N13 5HN  | 5F
 ST16 3SG | 1E
 PR8 5JQ  | 1B
 SA46 0WX | 3H
 FY8 4WB  | 9A
 TF1 9DF  | 9U
 RG21 7AN | 7E
 SW9 0PL  | 4U
 NG11 8AH | 3Y
 SN25 1PD | 7L
 TS5 4JG  | 6S
 EX31 1WX | 2E
 DE4 2TZ  | 5P
 NP20 5BW | 6L
 LS15 8RW | 6U
 PO6 4HY  | 9P
 SW8 4DT  | 5R
 ST11 9PP | 9Y
 LS10 3AR | 9A
 NE23 1PA | 4A
 B66 4AE  | 1S
 L13 0BB  | 6Z
 KA21 6GQ | 1D
 EX8 4QD  | 7H
 CV2 2WS  | 3A
 PA2 0UE  | 2D
 PH2 7NG  | 9Z
 WF3 4DB  | 2Q
 SO45 3YY | 4Z
 OX25 5TE | 8Z
 DE21 2SQ | 8R
 HG2 8XT  | 4L
 CT19 5UD | 5J
 EH21 6BB | 3D
 NG31 7PN | 5L
 S45 8AF  | 6Y
 IP31 1SN | 5Z
 SN15 4RT | 4A
 M14 7EJ  | 1P
 CT3 4HN  | 9D
 SE3 0SS  | 1P
 LL23 7UR | 1Q
 GL7 1LE  | 8G
 S81 9NH  | 8R
 BD13 1NB | 8P
 BA2 7XP  | 8A
 DL13 2LU | 4X
 CW1 9HR  | 7S
 NN9 6BH  | 8X
 AB31 5PA | 8N
 GU12 6QB | 3R
 EX32 7AW | 2T
 W4 1YQ   | 8U
 WN8 6JS  | 7D
 SL2 3FF  | 6R
 SY15 6NJ | 8W
 PE19 2BD | 9P
 CV22 5PE | 4P
 CH66 1QZ | 9Z
 IG7 4NE  | 4N
 TN15 6HG | 4E
 L6 3AS   | 3D
 SK15 3ES | 3U
 TN30 6QR | 8W
 LL55 1DB | 4F
 PE25 3SE | 5F
 BS21 5EY | 1Q
 LE10 0LQ | 5H
 RM8 2FJ  | 2Z
 SA1 6WU  | 4F
 SA71 4AT | 8D
 BA3 2HN  | 9N
 NR7 7SH  | 3F
 B31 5JA  | 5X
 PO4 8XT  | 4P
 IP2 8QE  | 3X
 W1W 5ND  | 8H
 RH10 1EX | 1D
 KT23 3NX | 5S
 LE12 6SP | 5N
 IM99 3XP | 4Q
 NE62 5JE | 8Z
 EX2 7ZE  | 9E
 OL3 6LS  | 6A
 CT3 3LB  | 8U
 TW3 9HH  | 9X
 MK10 9EB | 2B
 RG18 3EJ | 1P
 HU3 5LJ  | 2H
 OX49 5WE | 1F
 IP30 9XS | 9W
 WC1N 3NW | 1S
 TF2 9PJ  | 9R
 ML6 8TT  | 3L
 NR1 2PU  | 2B
 SA4 4YJ  | 4A
 SG3 6QD  | 8U
 EX17 5DD | 8E
 NG3 5SY  | 4D
 PO6 4EY  | 3H
 PR8 5BH  | 4N
 TN34 1PF | 6H
 DG12 5JG | 8P
 CH41 9DX | 9N
 IM5 1PL  | 4E
 RH1 1LR  | 7G
 TW4 7AY  | 8A
 BB10 3HN | 7D
 W2 2TH   | 9Y
 SR4 7DQ  | 4L
 NR32 2RS | 2B
 BR3 3WB  | 3T
 W2 4HB   | 6U
 MK41 9LJ | 2L
 BN27 1ES | 9U
 M26 3RB  | 3B
 YO14 9RF | 9G
 SE9 1NJ  | 3X
 DT2 8UZ  | 1Q
 DE56 2HQ | 1X
 CM0 8HL  | 7R
 DH8 9TE  | 5Q
 NN14 3AS | 4D
 TA10 0PX | 3T
 NN14 1GY | 7B
 HP2 4BN  | 9X
 SE18 4LR | 6Q
 WV5 0HE  | 7N
 E6 3NL   | 5Q
 DT6 3AB  | 7P
 OX2 7QQ  | 3P
 WA11 7RH | 8U
 CF10 5WA | 1L
 IP4 2EH  | 4D
 B94 6RJ  | 9U
 SS5 4BP  | 9A
 FY8 3LJ  | 6X
 OL15 9QZ | 8R
 S10 4NE  | 3L
 NG11 8BA | 5N
 NG14 7YQ | 5R
 W8 5NN   | 1T
 CT5 4AS  | 8T
 W1T 6EJ  | 8E
 LU2 7HE  | 3U
 DD11 4UE | 4L
 CR0 0EG  | 1Q
 BH23 5UB | 7E
 NP20 2DJ | 5R
 OX49 5WJ | 4W
 SE20 7DP | 1B
 LE17 4GL | 2J
 CA20 1LF | 4F
 B27 6BG  | 7W
 TF9 4NT  | 7X
 NP23 6BX | 6T
 EX18 7BS | 8S
 LL16 3SR | 2S
 EH15 3SB | 8E
 L7 8SA   | 5H
 AB39 3NA | 8U
 W1A 5BA  | 3S
 LA9 4AE  | 7W
 BS16 0AH | 1N
 NE40 3EL | 8N
 W1P 3PD  | 3W
 FY7 8YJ  | 4N
 SL7 2WB  | 5Q
 E17 6PT  | 1P
 M40 2FL  | 1Q
 S71 3DA  | 7Q
 BL2 6BE  | 1Z
 ST12 9JD | 8R
 W2 4AR   | 7N
 WA8 8WF  | 2U
 SS11 7QY | 1N
 CF82 7JF | 1H
 DN3 3PS  | 1U
 SE19 1SR | 6D
 PE21 8UJ | 3R
 S35 4FP  | 7H
 BA1 5HX  | 4Y
 PR2 9NS  | 3J
 CR4 3PY  | 2Q
 HP12 3DF | 4P
 N5 1PH   | 3E
 PH9 0LB  | 9U
 TQ1 1JS  | 2P
 PL18 9HB | 2U
 BT4 1LB  | 4J
 TR6 0WP  | 6Q
 OX16 8RA | 2B
 SG14 1RA | 5F
 CV6 7FZ  | 8E
 FK7 7LX  | 7H
 UB4 8SB  | 8X
 SW1X 9JQ | 4H
 SW6 4EX  | 9P
 PL7 4PE  | 8G
 CV34 9NN | 6N
 IP12 4WJ | 2B
 SA44 4PY | 1A
 SW11 5QL | 4A
 SW7 3JW  | 8H
 EC3P 3FP | 3F
 CV13 0LP | 8W
 CB6 3QF  | 1Y
 E10 6EL  | 1Q
 RM7 0TD  | 7Z
 LS17 0EF | 9H
 WN8 1AZ  | 1S
 DE5 9TN  | 1T
 W5 2ER   | 6T
 PE17 5BJ | 2B
 TW13 6UJ | 4J
 BD17 7JR | 5S
 BB9 0SJ  | 8E
 TR14 8UB | 5H
 NN5 7TZ  | 8J
 LE5 3HP  | 7D
 SS0 0YS  | 5F
 LL34 6PL | 9J
 SO14 3AB | 4L
 SO20 6EL | 9S
 EH7 5QS  | 2G
 NR12 7WA | 1A
 SL7 1WL  | 6Q
 WC2H 0BB | 7J
 RM19 1PQ | 2Z
 CH49 6NA | 9Q
 BS23 9BR | 2W
 SE1 3FG  | 4P
 S13 8JG  | 9Z
 GU47 7FH | 2P
 MK5 6JP  | 5F
 IP21 4JZ | 4F
 HP21 9DN | 1E
 BN13 3SL | 5L
 W13 8AU  | 7Y
 PO12 2TZ | 9Q
 SK6 7GA  | 6Q
 PO30 5LB | 8Y
 PE33 0LW | 7Z
 NR1 4QL  | 2B
 OL12 8QP | 2Y
 L16 2JZ  | 3T
 DD9 7XR  | 9D
 WF14 9RT | 5H
 NG24 2PR | 3H
 LL16 5LD | 1Y
 NR31 8SF | 9E
 E3 5AW   | 8T
 DL11 7NJ | 5U
 L36 8AB  | 2J
 PL26 8JA | 1X
 WR7 4ZG  | 8T
 SA44 6EE | 4F
 OX49 5NS | 7P
 GU26 6DU | 1Q
 BT38 0SH | 1H
 M25 9XG  | 3F
 KT19 9ZA | 7L
 PR9 7JG  | 7T
 WR11 7TE | 4Y
 DE5 3AQ  | 1S
 RG5 4BP  | 4D
 LN6 5TZ  | 1T
 NN8 9FQ  | 3N
 IG10 3RY | 7E
 WD1 1NU  | 1W
 NE62 5QG | 4B
 N12 0EQ  | 6Q
 NR31 8HF | 4J
 OX44 9HP | 1D
 M11 4AH  | 6S
 JE4 0NS  | 1W
 IP21 5SF | 9X
 SL4 6BU  | 7J
 L9 9JF   | 9B
 DN14 9BN | 4S
 SL2 3NW  | 7E
 DL3 9AE  | 8S
 SW7 4XE  | 4E
 YO18 7NA | 7P
 GY6 8EL  | 9W
 UB4 0YW  | 8T
 KT20 7SJ | 1G
 DN3 3SS  | 3N
 NR32 1DE | 1J
 S75 1PE  | 8G
 LS16 8JY | 2L
 CW2 8QJ  | 5E
 TD9 7WX  | 6F
 OL1 9ET  | 9L
 NN17 2LF | 4U
 W4 5TZ   | 1P
 DG8 9SA  | 1F
 SK7 1ND  | 6J
 DE11 0NP | 3Z
 SN8 2WS  | 6B
 WR9 0ES  | 3T
 CF24 1DG | 9A
 SS2 5BL  | 6Z
 TQ12 6DB | 7Y
 SE25 6NS | 8X
 S81 7ES  | 8G
 SE16 4LZ | 3E
 DE5 3PG  | 6T
 HX3 8WS  | 9T
 NE13 7YJ | 4D
 ME8 0WF  | 8G
 BA1 3HB  | 7J
 HG2 8NT  | 1N
 LE7 7DE  | 6F
 TF3 1LQ  | 7J
 GU2 9SZ  | 3D
 DT4 9XN  | 5H
 WC2N 5RA | 6B
 AB10 7DH | 2D
 BH21 1WQ | 1Y
 DA4 0EJ  | 5J
 L39 2SX  | 3D
 RG41 5PZ | 6Z
 CW6 0NX  | 2S
 CR7 8EP  | 4W
 SE15 4HY | 8N
 CR0 2QJ  | 7P
 CB5 0BL  | 5W
 BH1 3TA  | 2X
 OL6 7BW  | 3P
 TS7 9ER  | 3U
 NR32 9AF | 6R
 TF7 4JU  | 2J
 SW3 3JW  | 6H
 BA3 6AB  | 9X
 TR12 7JN | 9R
 NR13 3ED | 7J
 EH7 6TU  | 2T
 DG9 0YD  | 7G
 W7 2JY   | 7S
 CO6 1LJ  | 6S
 MK18 1DF | 3R
 GU27 2AN | 5F
 WA16 9LT | 7L
 EH3 1AR  | 3N
 IG5 0LG  | 5W
 WF12 0PU | 7Z
 SP5 3AN  | 5D
 W1T 5HJ  | 8B
 IV1 1AW  | 1G
 SN11 0DW | 8J
 BH23 2DF | 6U
 GL18 2AJ | 2N
 WD6 1LW  | 7Z
 LL57 3UL | 8T
 B8 2PJ   | 4P
 CB11 3YW | 7S
 GU3 3NF  | 8Z
 NN11 0QR | 8D
 SA31 3PQ | 8E
 KT6 7BS  | 6F
 S8 8PY   | 7F
 PH2 6AG  | 7S
 TN40 2BE | 8D
 NE10 8LD | 4T
 SG12 8EW | 1G
 HA1 4JZ  | 4S
 YO23 7WA | 1A
 SA7 9TE  | 6L
 CV31 1AL | 4S
 CB22 5DT | 7H
 BT22 1QB | 8N
 CO4 5YH  | 4Q
 BN41 2FT | 9A
 SW1P 3BQ | 9T
 M9 6EN   | 7U
 PL24 2AP | 3G
 WF4 1AS  | 8Z
 NG3 4EL  | 8F
 TN37 7NT | 8W
 PL4 8RR  | 9Z
 SG17 5BT | 1T
 NP26 5BB | 4T
 NG5 5FF  | 8W
 SW19 3BB | 5Q
 W1P 5AF  | 8G
 SG2 8QP  | 8H
 OX14 1DN | 5J
 TN5 6AH  | 8S
 IV30 6JZ | 9B
 TQ13 0DT | 6F
 B65 9DA  | 5B
 CV35 8YD | 7P
 EH4 3YZ  | 6B
 NE35 9HY | 9A
 UB10 8TE | 9S
 PE30 4XX | 2G
 PO21 4HQ | 7D
 B79 7HD  | 6Y
 CF62 4YA | 1W
 SY12 0QN | 5Y
 CV11 4JS | 6X
 KT9 2BW  | 5W
 NN3 5DL  | 1U
 DT9 3DS  | 5F
 FK10 4HJ | 1S
 WA8 6EN  | 5X
 HR7 4JQ  | 1F
 G15 7DU  | 4Y
 BR6 9XA  | 3A
 NR9 5AJ  | 6F
 CR4 3ZH  | 1G
 NG18 3PT | 7A
 PL15 7AB | 1R
 WA14 5XH | 7P
 LA1 1XN  | 2J
 W1B 1QL  | 2Y
 PR3 1YR  | 7Y
 BD7 3BP  | 8X
 LA19 5XE | 8U
 B24 9HZ  | 6X
 SR6 9SN  | 4F
 TS10 4BT | 2J
 G72 9HN  | 4W
 GL18 2AA | 6G
 M33 4SG  | 7Y
 W14 4BJ  | 7W
 DT4 9JL  | 4W
 SY18 6NJ | 3D
 BS2 8SS  | 8G
 OX10 0QW | 2H
 SE16 2YY | 8F
 G64 3AQ  | 3Y
 NN18 9EG | 7R
 TN23 5YW | 7S
 HX3 5JZ  | 5J
 BA20 1SH | 9U
 PR1 2ER  | 2G
 LE5 5JA  | 9W
 CT7 9HZ  | 1Y
 HP16 0PX | 6N
 DT9 6PS  | 8R
 BT62 3QU | 4G
 SK16 4HF | 4P
 DE12 6EH | 2A
 FK7 7SP  | 2T
 G53 7FY  | 1T
 CB8 8HG  | 6J
 NE4 6PF  | 8R
 CM23 2EJ | 4W
 NE46 4DY | 3T
 SW6 1NH  | 4L
 M16 8BR  | 9N
 NG33 4DN | 6W
 S42 6HE  | 2Q
 LA5 0ST  | 6N
 GU11 3NX | 2Y
 B38 8RT  | 7W
 NW7 0DU  | 1G
 NP44 6EN | 9X
 NN7 4RX  | 1E
 OX49 5ST | 8A
 CH65 8DE | 5Z
 GL4 0NP  | 7H
 M43 7LW  | 4E
 DN17 3TL | 5F
 W1B 4EA  | 6J
 PL21 9GH | 5N
 SN12 6YE | 2J
 PR8 6LU  | 9F
 L18 1DU  | 6Z
 BS8 9FS  | 3T
 WR11 4SR | 1Q
 SS2 4GA  | 2B
 CA4 8GU  | 9F
 SW1A 2HP | 6G
 BS34 6BE | 5Y
 LU7 4RA  | 5G
 SE25 6LN | 2Y
 G64 3PB  | 4D
 PL4 6WY  | 7U
 CF11 7BA | 9X
 CR90 9JX | 7P
 KA18 3QR | 1D
 LS8 3AF  | 3Y
 B1 2QZ   | 9H
 ST5 6QG  | 4X
 CB3 7YY  | 6T
 SE3 9XG  | 5Z
 M21 8TP  | 5X
 HU15 2QZ | 5Z
 HX3 7XE  | 6R
 EH11 4SB | 8F
 BH19 2DS | 6U
 NG32 1DQ | 6R
 M34 2JF  | 3Z
 BS23 1YH | 8T
 NN7 2LW  | 6R
 NG11 6NG | 6B
 BL3 1ET  | 5T
 HR1 9EB  | 7X
 W12 9XZ  | 5H
 SE18 6GA | 8L
 E13 8HR  | 2W
 WS1 9FZ  | 1X
 CB7 5LA  | 6U
 LE5 2HN  | 7A
 W2 3SG   | 9S
 LS6 4LR  | 4F
 SY3 8PZ  | 6E
 NE66 3SG | 7B
 KT1 2AD  | 2X
 WA11 7ET | 6P
 B70 0BA  | 5D
 ME1 2HF  | 7J
 WD23 3EA | 6G
 W1G 9EH  | 6T
 LE2 3ZL  | 1N
 BS4 1AJ  | 3Q
 SW18 3BE | 9U
 NE22 5GZ | 4F
 DH6 4NW  | 9S
 L39 4RH  | 3D
 N6 6BQ   | 9D
 TW2 5TR  | 8X
 TQ6 6AJ  | 4J
 NG11 6HE | 2P
 PA16 0LN | 8N
 CH42 1PH | 2W
 PH23 3YA | 8A
 L39 1WT  | 9W
 SE16 7UY | 2X
 PE26 1GD | 8H
 HP16 9HJ | 7N
 LE13 0BS | 4P
 BT34 3PA | 1E
 LE65 2LE | 2G
 DN7 6JY  | 9L
 B28 0ER  | 4A
 DH2 3QR  | 4D
 CR2 0BE  | 8R
 ME4 4UG  | 1J
 EN11 8LA | 5Y
 BT39 9XN | 8E
 SO15 9FW | 3Y
 WA15 5HD | 6L
 OL11 4LG | 4P
 DL16 9BW | 2F
 PE19 1SH | 9Y
 B65 9RJ  | 7Q
 AB10 1UX | 4P
 LU1 5LA  | 2L
 DH8 8RU  | 7J
 LS25 6EQ | 9R
 SP10 5EF | 4H
 NG7 3FQ  | 5E
 EX14 2XZ | 1A
 KY11 2HA | 4J
 NR32 9SP | 2Y
 AL6 0LY  | 5D
 NE65 9EF | 9X
 M46 9WG  | 6G
 SO19 9ET | 9H
 SY1 3NT  | 3J
 B98 0PL  | 6B
 EX16 7DZ | 7D
 BS99 7RU | 5X
 TW3 3EU  | 7F
 PR6 7WG  | 3T
 LL49 9LS | 1Z
 BH8 9BH  | 1W
 LN2 2AU  | 2X
 CT17 0HW | 7D
 SN10 4DE | 9S
 NN8 4AL  | 4G
 EX14 3LN | 7Z
 OX12 0FB | 9E
 N12 0HW  | 9T
 TA6 7PZ  | 5W
 WF13 3LR | 7J
 M34 3HW  | 2H
 PL14 3HR | 4Q
 CW3 9PG  | 1P
 RG6 9NX  | 3J
 CF62 7YP | 1W
 ST10 1TT | 9A
 LE7 9XA  | 1A
 BS4 3NS  | 2H
 EH49 6YE | 6E
 WA9 4EL  | 7E
 BN13 2PR | 2H
 BT48 9TW | 9G
 DN15 7LL | 4Y
 CH4 0BP  | 9Y
 TN9 2HZ  | 5S
 MK18 3AQ | 4N
 TS23 3ND | 1N
 AB42 1SJ | 3B
 L37 7BY  | 9P
 SA7 0NG  | 9X
 TA3 5AH  | 2B
 RG19 8BL | 4Z
 TQ12 1XP | 4U
 CV37 8HR | 7L
 CV47 2DG | 3A
 BA3 3LP  | 4N
 TW18 1AQ | 8B
 CV12 8SJ | 9J
 L34 6JA  | 9A
 LS28 0AR | 5S
 SS9 3HF  | 2Z
 RH4 9BB  | 9D
 BH1 1RQ  | 3Q
 WF4 1ST  | 3X
 NG18 9SU | 7E
 SW1H 0QS | 7Z
 TQ12 6UN | 4T
 GL50 3QN | 1W
 GU15 3UR | 4B
 NP10 0BA | 4U
 RH8 9EL  | 2T
 SM5 3NP  | 4W
 LU7 8JW  | 7Y
 CB4 8UG  | 4H
 HS7 5PP  | 3G
 B74 3UB  | 9Z
 BS20 8YH | 6U
 SE18 1WD | 8E
 LL53 7ST | 3W
 LL13 0TH | 4W
 PR2 1WX  | 6E
 AB16 5SY | 5Z
 CT1 3JP  | 2G
 DG1 3JT  | 9N
 EX2 7JQ  | 1U
 S3 7RZ   | 5F
 B12 8UA  | 8S
 SS17 0LZ | 8E
 IG11 1EU | 6W
 RH6 8QF  | 4F
 WF14 9TF | 9S
 LE10 2JL | 1D
 IG7 6DL  | 3U
 IP11 9BS | 6J
 WA5 5PR  | 9Z
 CV31 3HQ | 7P
 TS6 6SZ  | 2A
 NN8 2AA  | 2D
 OX5 1HG  | 6E
 EX2 4SL  | 4A
 NG11 9NB | 2L
 RM12 5RR | 3L
 SW3 6ZB  | 5L
 IP3 0EG  | 2Q
 LS9 0NY  | 2A
 NE24 4BP | 7N
 DE11 9LA | 2E
 RH12 2QX | 9S
 TR27 5LE | 9H
 SY1 3JR  | 2D
 PE1 2UZ  | 3P
 BT52 1HP | 6S
 GU23 6WB | 7B
 EH4 5DU  | 9L
 SA31 9SA | 8W
 PO33 2LT | 9R
 SS16 4AG | 2G
 CH64 3SR | 7X
 SY13 2NQ | 6W
 FK15 0AX | 1L
 HP22 5ZQ | 8L
 AB44 1XN | 2L
 GU12 5NN | 9S
 AL5 9BT  | 3E
 W1T 2PT  | 1J
 CH62 9WA | 2W
 TR7 2AJ  | 9T
 BL1 3LS  | 7W
 BB11 1BP | 1P
 DY9 9PX  | 8G
 SA4 4NN  | 1Z
 B93 8UD  | 8Z
 ME13 9NJ | 2H
 AL1 1XQ  | 8S
 B21 9EU  | 9L
 BT32 5HB | 3E
 B69 4SY  | 7B
 SO41 8BL | 8A
 DN2 5JX  | 5F
 B92 0PG  | 3R
 CF15 7UR | 9T
 E4 9BQ   | 7Z
 HP12 3UH | 5H
 RH17 5LS | 4P
 FY2 0AH  | 1U
 BH21 1QU | 8H
 SE1 8QT  | 8J
 BS30 6LW | 6B
 W14 8GG  | 9E
 SK13 2BG | 1J
 NW2 4WG  | 4W
 WA11 0YL | 7W
 SO21 3EA | 7Z
 G12 8QH  | 5B
 M7 2AF   | 1E
 SN12 7QA | 1P
 TS23 2JE | 7H
 PR2 9RL  | 8G
 RG42 5NX | 2S
 CB24 9JW | 9A
 NW10 8RU | 8A
 M31 4ED  | 3Y
 RH1 5DS  | 3D
 BA2 4JJ  | 8T
 BR1 4PZ  | 6Q
 KA27 8EA | 1B
 HD9 3XB  | 1B
 S20 4YR  | 7W
 TQ1 1HG  | 1P
 JE4 5YN  | 3Y
 YO43 4EN | 7N
 BA4 5PS  | 3A
 TS5 5NG  | 1X
 NW1W 9QZ | 3R
 W1W 8YS  | 8E
 PL13 2LQ | 5U
 DL11 6NR | 1J
 BA5 2PX  | 1U
 WN3 4RZ  | 7U
 GL54 2AA | 7G
 LS16 6YD | 1N
 SW11 1QD | 4P
 EH9 1UE  | 2W
 PA1 2TZ  | 3Z
 EH16 5GW | 7F
 CW9 5QZ  | 5E
 BR2 0XQ  | 3G
 CH41 8WQ | 4R
 BD2 1AR  | 2J
 TQ12 4DG | 1H
 SN15 5EX | 8U
 SO20 8HB | 5G
 ST1 1PR  | 2B
 BT62 2AT | 7G
 LS2 8WP  | 3F
 NG33 4JW | 2F
 WD19 7RD | 4D
 TS25 1BW | 5B
 SG8 7NZ  | 5P
 LL13 9GJ | 2H
 S80 9EH  | 4L
 BD21 3NW | 6D
 LL74 8RB | 7E
 SW10 9ZE | 5N
 LU2 7QE  | 8F
 L25 1RQ  | 3D
 CA4 0QA  | 3Y
 TA18 7RQ | 9G
 SK22 2WA | 8W
 TF9 4QP  | 3F
 MK40 4QP | 1A
 WN5 0AS  | 3A
 NW8 7NJ  | 6A
 CT18 7HQ | 3Z
 SE18 3BQ | 1Z
 SG15 6XB | 6P
 BT36 6FF | 7X
 RH11 0HH | 5L
 BH21 3YQ | 1B
 SN4 4AP  | 5S
 CO1 2LL  | 3Y
 SY9 5FD  | 7Z
 CF35 5BN | 2L
 DE12 7JY | 2B
 EH46 7HN | 2W
 N14 4HE  | 3Y
 B32 1BP  | 6P
 GU12 5HA | 7L
 ME15 7DY | 6W
 BT23 8NH | 3S
 CB5 8TA  | 9D
 M7 4NP   | 4B
 S80 4SP  | 9U
 NW10 8DQ | 5Y
 TS22 5LY | 2R
 BH9 2DH  | 8N
 BT44 0RD | 6H
 RG28 7RH | 3R
 CF10 3NB | 1T
 UB2 4XH  | 6U
 RH10 6XX | 5U
 HA2 0LX  | 5U
 PO21 3AP | 9Y
 S72 7AP  | 5N
 WA8 4XQ  | 7F
 IP9 2RT  | 4A
 ME2 3RT  | 5Q
 HP9 2QD  | 8S
 L2 1PA   | 9G
 OL4 2HF  | 2B
 CT14 0HZ | 4H
 NR30 3JF | 5P
 CM20 2RN | 1E
 BL1 8TZ  | 2B
 PE24 5WA | 3N
 TW4 5LA  | 5J
 S71 2AW  | 3D
 NE65 9BP | 2H
 RG8 9DD  | 3N
 CH1 4YB  | 7A
 KW1 5QQ  | 4Q
 B64 6LT  | 2U
 SW20 2EN | 3J
 OX1 4LH  | 1Y
 EC4N 8NT | 2Q
 BT23 5QH | 4Y
 NE22 5HX | 2E
 DH5 9JQ  | 1W
 RM13 9NL | 2G
 SA32 7RD | 7R
 S80 2BY  | 7A
 CB24 6EE | 5Q
 BA2 1RT  | 4D
 PE6 8ZA  | 8N
 HA1 2PT  | 9S
 MK1 1EQ  | 5J
 WF17 6XR | 4N
 SP10 3XY | 1A
 BS23 1UR | 5P
 SE10 0XD | 3Y
 RG42 6JS | 7P
 BT75 0NF | 7S
 HU9 1ER  | 4X
 G11 6DT  | 9T
 SN25 2LH | 4H
 E1 7TW   | 5H
 SR4 9AS  | 3T
 OX13 6SW | 8S
 EN2 8NA  | 7E
 BB2 4NP  | 5U
 SL2 3SD  | 3R
 SK23 9UE | 3A
 BN6 8QF  | 3P
 EH14 7BE | 5Q
 CF31 1EL | 8U
 EN8 9DW  | 1Y
 NP13 2DH | 8W
 LA3 2QB  | 5N
 TN2 9JZ  | 2T
 GL6 0JJ  | 5Y
 SS9 5EW  | 1S
 W4 9DW   | 1J
 BT22 1HB | 1R
 TQ9 6EU  | 2H
 LL65 1TG | 4S
 FY7 8JA  | 2N
 LL23 7PU | 7U
 EN3 5ZQ  | 5H
 PO30 4JU | 8L
 PO19 2FL | 1W
 NE40 3RJ | 9Y
 LL13 9ZE | 3T
 SY3 7RS  | 1S
 SY11 2PT | 4F
 G66 2RX  | 9A
 OX11 8LD | 3E
 S73 8PW  | 9F
 DD9 7TQ  | 8E
 BH12 4AZ | 3B
 L20 4QB  | 3Y
 E16 4HX  | 9B
 SN2 7HU  | 6L
 W1G 7LG  | 8U
 SE6 3HA  | 1A
 CH62 4AB | 9S
 SN13 9FN | 5E
 SL4 6YT  | 1Q
 EH15 2BB | 9F
 SS17 7QS | 4X
 SY25 6RY | 5Q
 PO33 2AS | 8F
 CV1 2BZ  | 3A
 CW2 8AZ  | 4T
 ST6 5QF  | 8R
 BH23 2TP | 7F
 LL65 3SN | 8F
 WA16 8BY | 5B
 PL4 6RD  | 5E
 ME8 0QH  | 5E
 CF3 0JD  | 3H
 W1S 1JF  | 1S
 SE26 4XF | 7X
 PO1 2HH  | 9J
 SW8 2TF  | 8B
 LL12 9YT | 1Z
 HP5 2RE  | 9F
 CH46 7UJ | 2L
 WD6 2FJ  | 7U
 HA3 7DB  | 9U
 L12 5HD  | 8P
 KT2 5TQ  | 7Z
 TW13 4DP | 3S
 CM1 2GL  | 7F
 OL3 5RD  | 2X
 ML1 4RX  | 6Y
 LE3 9BY  | 3E
 EX16 7LT | 3X
 BL1 4EL  | 5Q
 G5 8LJ   | 8X
 SE1 1WF  | 1Q
 WF1 3YX  | 3B
 OX14 3SS | 3N
 S63 9NA  | 3S
 CV6 3DD  | 5R
 UB8 1JU  | 2R
 LA14 5WW | 2Q
 KT15 2JR | 9U
 LL22 7DN | 3L
 AB21 0RZ | 3W
 WA1 4JY  | 9D
 GU4 7ZQ  | 2S
 HP1 9HR  | 2B
 WF8 3RS  | 9X
 WA14 1WX | 2T
 DH3 2JY  | 9Q
 BN9 0JG  | 7P
 IP31 1BG | 5Y
 BD18 3AL | 2T
 NN16 6GS | 6X
 WN6 0TQ  | 2J
 B38 9DZ  | 8N
 SW19 5DQ | 4T
 NP23 4WB | 4E
 BN43 6NL | 4R
 RH20 1YX | 7F
 GU9 0HF  | 8Q
 SN8 1HJ  | 4D
 E5 8HH   | 9Y
 BS6 9HN  | 1Q
 CA1 9DP  | 2U
 WV3 9AJ  | 9U
 CV3 6TY  | 9S
 GU52 7LS | 7L
 NP23 4RJ | 8H
 DL1 4RW  | 2B
 PE12 0JZ | 8A
 BT79 7TA | 4G
 CH99 9AB | 4H
 WA6 0AD  | 5Y
 DD11 4ST | 5J
 KT24 5JS | 8X
 CV31 3DW | 3A
 TN23 3DQ | 6W
 KY11 8LH | 9R
 OX16 1UX | 1U
 HD2 1WD  | 6U
 PR25 2XE | 9P
 IG3 9QX  | 9G
 PE32 2UG | 3B
 CF14 6NH | 3Q
 PE30 4DL | 3R
 SG1 2JZ  | 2Y
 BH22 0EH | 8Y
 PL7 2DH  | 1G
 ML5 2BB  | 8A
 SO21 3HE | 3J
 HP4 1RD  | 3R
 CM3 1PA  | 2W
 IG2 7GT  | 1F
 BD5 9JU  | 2S
 CV10 9LU | 1J
 NR17 2JG | 2D
 TR4 8JW  | 1J
 CW1 3XS  | 2E
 SE2 9XB  | 7Y
 LS10 4QY | 5D
 DE13 0UL | 9W
 M34 2LD  | 9Y
 DL13 1PF | 3A
 CV7 7WS  | 5Z
 MK41 0DN | 7J
 N15 4AT  | 4A
 BT34 1AR | 8D
 TN27 0AF | 3R
 CR0 8DH  | 9N
 CR2 9NR  | 7D
 PO6 3SY  | 2S
 CF39 9AN | 9T
 TN6 3NA  | 5N
 RG42 2XS | 2T
 CR5 3NE  | 6F
 SG13 7YT | 9B
 WC2H 8EE | 9A
 LS25 1EL | 4B
 SE16 2PN | 7F
 DL8 2WY  | 5A
 GL52 8DP | 2F
 NE99 5AB | 4P
 WD2 7ZS  | 3S
 SW1A 2AH | 9X
 CR8 4YL  | 3X
 BB3 3BN  | 2A
 CV37 9BJ | 2L
 B45 9WD  | 4E
 SY4 5UN  | 3B
 BN52 9PN | 9T
 RG24 4RL | 4X
 NG24 3EX | 9U
 EH19 2HT | 9N
 PO14 1RB | 3D
 SG7 6PB  | 9T
 YO11 1HA | 6S
 BN15 0DY | 6B
 CV21 1ZW | 3W
 GL52 8NY | 9L
 SM1 3QR  | 1H
 CF83 1WN | 3H
 LD7 1TU  | 2H
 BA3 6HD  | 3D
 RG7 5EW  | 5E
 N9 7DS   | 6Q
 SK14 5EZ | 7X
 PH2 9FB  | 6W
 W8 4ZR   | 9S
 GU13 9RJ | 6Y
 AB25 2WP | 3W
 NG16 3EJ | 8W
 BD22 0RL | 8G
 BS48 4NR | 9X
 NE29 1FF | 9R
 NE3 4PU  | 9N
 LN6 9LR  | 7L
 SS6 7NE  | 3S
 BL0 9FE  | 8Q
 NN1 1HJ  | 4N
 PL6 5NL  | 6N
 RG25 2SY | 6B
 PE1 4TZ  | 4B
 DE55 5ZG | 4G
 EX31 2BD | 6A
 CH1 4LY  | 3L
 SL6 7NL  | 4A
 EH12 8WR | 7N
 IG10 4DW | 2L
 NG2 6EH  | 5E
 OX29 7QW | 3Z
 W5 9BH   | 4T
 TD9 8DQ  | 7Z
 N16 9BL  | 7Z
 HG4 1UF  | 8R
 SK8 7WX  | 5X
 LE2 7JE  | 8U
 SY21 9PR | 7L
 PR5 6RH  | 5U
 ME4 5RU  | 9A
 M45 7TQ  | 6G
 OX26 6BF | 3A
 SO21 1ZA | 1L
 BN2 3AD  | 7J
 W7 1JH   | 1W
 SS1 2SH  | 3U
 CO13 3AA | 6Z
 PR4 3BU  | 1X
 L10 3WZ  | 4A
 NN6 9GZ  | 1D
 BD23 5LJ | 4E
 CM18 6NA | 3Q
 LL53 5HE | 5T
 PE12 7LJ | 7N
 LL14 6DE | 6W
 PE19 6RS | 2X
 NW8 8FL  | 6H
 DG11 3BA | 5B
 PO37 6JB | 2A
 OX11 0TA | 5W
 CR4 2NH  | 2H
 G81 6NX  | 9P
 SK6 1EW  | 7F
 IP27 9LA | 2L
 WF2 6BG  | 9P
 EX17 5PB | 6Z
 KT15 1YX | 7Y
 S6 2QX   | 1A
 GU13 9LQ | 8S
 LU5 6AN  | 3F
 SA41 3RN | 3A
 CH63 2PQ | 8E
 W7 2BG   | 8G
 BN43 5FL | 6W
 CM17 9XZ | 7R
 CV36 4DN | 3D
 PE20 1HY | 1H
 NP12 1YD | 2A
 TD7 5LG  | 9G
 L23 9SN  | 8L
 B11 4LL  | 6G
 N17 8BW  | 5Z
 BT15 5FH | 5X
 CA10 2EP | 1U
 SW15 1XY | 5E
 RH13 7EH | 1A
 TN21 0ET | 2D
 OL12 0QX | 2D
 HP5 2XL  | 9T
 BL2 3DB  | 2E
 LN3 4NH  | 5S
 UB5 6PQ  | 6W
 GL3 4GH  | 5F
 TA18 8RP | 7E
 IP8 3LE  | 3R
 M16 0AH  | 5D
 WS7 8AZ  | 7G
 GU21 2WG | 2P
 N16 9HH  | 9J
 TS17 0ST | 6R
 BN17 7LR | 8T
 HX3 7EF  | 7S
 BA13 3ZL | 5X
 CF62 9AS | 7L
 TW18 9AS | 9G
 MK12 5RD | 2G
 NE61 6RY | 5F
 BD17 6TQ | 1F
 N11 3DQ  | 8U
 L25 6HW  | 6N
 AB16 5DT | 3L
 NR11 7WW | 9A
 EH3 6TS  | 6P
 G72 0DX  | 3P
 DT10 1BA | 3R
 HP9 1PG  | 3L
 PO11 0RU | 7L
 SA1 1LN  | 5S
 NE46 1TS | 5Y
 E11 4RE  | 6T
 UB5 5DU  | 1E
 SW15 3NH | 6P
 LS9 6HX  | 9L
 M28 7HQ  | 8F
 BT32 3RF | 9D
 BS25 1TJ | 1P
 BA21 4EA | 2T
 PO39 0HP | 1J
 CB5 8JY  | 3P
 G74 4YP  | 4P
 WF10 4RG | 5T
 BD10 8JH | 3B
 PO20 8DA | 4S
 WA16 6GA | 7W
 B77 1LJ  | 1H
 OL14 6DA | 3D
 LS2 9JS  | 4Z
 BT94 2FG | 6L
 EX13 5JS | 6S
 NW4 4JN  | 2X
 PE37 8DQ | 3R
 GU8 4LQ  | 8B
 PO31 7DS | 1B
 LS28 5RP | 6U
 BH22 9QH | 1W
 W1N 5LN  | 3X
 LL18 2ED | 8D
 G43 2ER  | 2D
 NR20 5LQ | 5E
 BT13 1NL | 1A
 AL5 4PN  | 6Y
 DL16 7TX | 8Y
 GU6 8PS  | 9U
 FK5 4UN  | 3T
 WR13 6PY | 4E
 L18 5HD  | 5U
 TR8 5HL  | 8P
 OL5 0SU  | 2D
 SS5 6JA  | 7U
 TQ13 7PJ | 8A
 CT2 0DU  | 7A
 NR14 7AD | 2L
 HP15 6AE | 2P
 N20 0WS  | 8J
 G5 0WA   | 6U
 W2 5PA   | 1L
 SE26 4WJ | 1S
 SW2 9HF  | 5F
 CM23 3LH | 2D
 TD5 7BE  | 8N
 YO24 1EG | 1B
 LN6 5AX  | 6U
 OX5 1EL  | 6Q
 LS7 4JL  | 3B
 KA12 8AZ | 4Z
 G78 2JR  | 6P
 EH23 4EU | 5X
 BT9 5GF  | 1N
 EN3 4JB  | 1R
 WS7 9ZY  | 1R
 SW16 6NB | 6P
 FY8 2SW  | 6F
 CT6 9BA  | 3N
 KA1 4QY  | 1R
 NE33 4WT | 8U
 SW9 7QA  | 2J
 DN14 9WU | 5T
 HU9 4RL  | 7U
 CH5 4RR  | 5H
 W4 4AA   | 4J
 BT5 9AU  | 6R
 TS19 8EG | 6Q
 RG6 9NA  | 4U
 S75 2SQ  | 5L
 DH1 5UJ  | 2Z
 NN11 5QN | 4A
 BT93 1UA | 3N
 BN21 3JA | 2A
 NN7 2NY  | 5Y
 SO45 1WN | 6T
 SY3 7JX  | 4Y
 AL1 5FR  | 7Z
 DN21 1YS | 6J
 HU13 0PP | 7X
 S98 1BB  | 6E
 NN14 3EU | 2H
 CB8 9PT  | 5Q
 BN11 9GH | 9F
 B49 6RN  | 6R
 L35 4NG  | 1Z
 DN15 7QJ | 5L
 PA3 3BT  | 4L
 CA6 4LH  | 6F
 NE33 3GD | 8D
 PE30 5BB | 4E
 CH64 2UH | 9H
 SW15 2RX | 8E
 CT6 7BY  | 9G
 SW6 6NF  | 4W
 NR31 0HD | 7D
 EN5 2YW  | 7P
 CM8 2QZ  | 6Z
 CO1 1DD  | 4H
 BB5 1ES  | 5R
 DH7 7TH  | 4T
 BD12 7EE | 8T
 CA10 1XW | 7L
 LN8 5RD  | 5S
 NE34 8PR | 5S
 BD21 1SB | 7F
 BB1 1SZ  | 1A
 SW7 4AY  | 3R
 AB51 3WY | 3J
 EN10 7PS | 5G
 ST14 5HL | 7W
 SS2 6HR  | 5L
 GL20 7TS | 1G
 OX2 7QR  | 9J
 NW2 2PJ  | 5L
 CV4 8GE  | 6X
 YO30 7XY | 4X
 DN36 4YR | 1B
 S43 4RA  | 6G
 NR20 4JL | 3Z
 WA8 7LH  | 4Q
 SS1 3LL  | 7N
 WF12 9RB | 5B
 NR33 9AF | 9Q
 WV4 5YU  | 5D
 SE22 8DA | 7H
 UB1 1EX  | 6Z
 IG11 0EF | 5J
 GU28 0HP | 4U
 PE23 5BP | 1Y
 NN8 2DP  | 8J
 NR3 2WN  | 1E
 BT71 4HH | 2Q
 PL3 5BP  | 9N
 AB15 5NW | 6G
 SY20 9EJ | 9T
 BN12 4TJ | 8R
 KY2 5HP  | 8B
 GU21 4LL | 9Y
 BS48 2YE | 4H
 ME20 7DX | 6Q
 NG12 3ZS | 5H
 B16 9WZ  | 7W
 S8 9DG   | 3H
 BN43 9BR | 7Y
 LA8 0NJ  | 8E
 NG22 9UU | 1W
 NG17 3LF | 5H
 CB23 8HF | 6Z
 LN2 3PA  | 1A
 BS40 5NB | 4E
 EX37 9YT | 2W
 GU14 8PE | 1B
 CW1 4RZ  | 4L
 TW8 9GA  | 8U
 NW11 0QN | 4N
 RG14 2YH | 1J
 SE17 1UF | 4B
 G34 9DG  | 8D
 TW8 0WF  | 6Y
 SW1Y 6RE | 4R
 WA16 6PP | 9Q
 BN41 1YU | 7B
 SN16 9PJ | 2L
 DN21 5JA | 5T
 EX20 2NW | 3J
 CM1 2YJ  | 4J
 SO40 4AA | 3H
 CA28 9DD | 1Z
 SG18 8UN | 1T
 B5 4PY   | 3Y
 KA12 0RY | 7Q
 CH62 3QS | 6G
 W11 1FT  | 3S
 NG20 8RG | 8Q
 LN11 9WT | 1H
 WC1H 9LZ | 5P
 EH54 7BZ | 1Q
 NN16 8NY | 5Y
 IP17 1YL | 7U
 SN13 9JL | 8B
 SL5 0LL  | 4E
 CF10 3DA | 5J
 SL6 1QY  | 3P
 PR25 5SB | 1W
 B68 8HD  | 8S
 LA1 5HT  | 8G
 HR2 7YJ  | 2P
 DD4 6QG  | 6A
 CB3 0AB  | 4A
 SN9 5BW  | 6S
 PO21 3AU | 6Z
 SA14 9EJ | 3J
 PH7 9AR  | 6B
 SK2 6AN  | 8D
 HP23 6NR | 5H
 LN5 8NE  | 9P
 EX6 6WY  | 3H
 BN22 7PB | 1T
 GU3 3YR  | 5N
 PL28 8AU | 9B
 CH5 2BA  | 8N
 HP9 2PG  | 7N
 BD1 3RA  | 5G
 EH12 5XL | 3L
 PO4 8BQ  | 5Q
 M33 9PB  | 3S
 W5 2ZS   | 4D
 CR0 4FL  | 9D
 PA31 8QD | 2T
 PO40 9XP | 1A
 LE19 2BY | 2E
 FK4 1PX  | 1S
 TW14 9SP | 4Q
 NW11 7YT | 3T
 BN3 6BU  | 6X
 ME16 0GS | 1W
 W1A 3NF  | 5G
 EX12 3HD | 2P
 WS5 4DN  | 4X
 BD4 0ER  | 4A
 WS3 2BL  | 5Y
 CF62 5UZ | 1D
 OL14 5TP | 8D
 CB6 1ST  | 2Y
 EH41 9BE | 6Z
 PL2 3JD  | 4Q
 KY3 9HF  | 2G
 HP13 7AW | 2W
 LE16 7ZB | 7F
 SN5 9HE  | 1J
 LE4 5EL  | 8L
 BT55 7FN | 4N
 L34 0HZ  | 4Z
 PA5 9DB  | 6B
 KT10 0RS | 5S
 PE31 6XR | 8Y
 MK14 6FB | 5S
 CR8 5JW  | 9H
 SA73 1LR | 1E
 WD17 2AA | 2A
 SN2 1YT  | 9W
 CO4 5PA  | 3X
 CB4 1ZY  | 9Z
 YO12 6BJ | 1X
 S35 2TQ  | 3G
 LN1 1LT  | 7B
 DH9 9DY  | 4Q
 TA3 7JJ  | 5Q
 HX5 0SN  | 7Z
 NE12 9SZ | 6N
 BT35 9AL | 7J
 BT49 9AB | 8E
 S70 6HQ  | 3J
 L12 5EP  | 1H
 GU20 6QJ | 7T
 TR7 1YW  | 8E
 PE13 1LU | 7F
 M15 6AF  | 3U
 N11 2HT  | 6Z
 HA0 2AU  | 3S
 CM7 2RW  | 2E
 PE2 8TB  | 8P
 CF47 0BA | 6R
 OL11 4JN | 8S
 NG20 9JX | 3Q
 LE9 7AL  | 7J
 IV19 1NN | 2A
 L69 3ZG  | 5D
 ME13 7EY | 2P
 HX2 7ED  | 7B
 PR5 6TF  | 2X
 CH45 2WB | 5Q
 SE20 7SJ | 1G
 CV9 2ZG  | 3Q
 BD20 5BD | 8L
 GY1 1NR  | 3T
 TW20 0YU | 5L
 SE5 7TN  | 9G
 M44 5FH  | 1E
 BN7 1YQ  | 5D
 HP27 9WF | 9Y
 CV6 7ES  | 2T
 BD2 3WX  | 5N
 NE21 4EU | 5U
 WD1 4DD  | 7T
 KT20 6RY | 3Q
 AB53 8BD | 6A
 PH2 6EW  | 5J
 G83 9DY  | 6E
 RG2 0RZ  | 1Y
 SE14 5WW | 8R
 NR2 1BF  | 6L
 GU21 3BG | 6A
 PO7 8HY  | 9Z
 TS17 9JZ | 2H
 CH66 1NJ | 9G
 NE48 3NR | 1E
 BH1 9QS  | 2U
 DA7 9JD  | 1E
 WC1X 8UW | 9Z
 SY15 6AU | 6U
 NN9 5PA  | 5W
 BD23 6AS | 4H
 B61 0TG  | 5N
 CO15 1XF | 6U
 BS48 4SX | 4L
 BN21 3QF | 4P
 SL1 3ZR  | 1X
 TN37 6HB | 8Y
 DD3 6ER  | 4W
 DA7 9FB  | 9W
 TF7 5WX  | 1F
 BS4 5RX  | 7L
 PA2 6YE  | 9P
 NE6 1UL  | 4X
 BT94 3BW | 7X
 ME15 8QQ | 2E
 RG1 2NN  | 1L
 BR1 3HZ  | 9Y
 CH63 2LD | 6X
 SO45 5BR | 3A
 PO8 0WD  | 9P
 SA15 4DY | 3E
 NN14 4FB | 3W
 ME12 2LX | 6Z
 LS12 6AU | 5S
 HU12 8BB | 3A
 LS1 2NY  | 4F
 CH64 1TP | 5A
 EN3 6FU  | 8X
 CW9 9GL  | 4P
 M19 1PA  | 4P
 EH30 9TS | 2G
 CH8 7TZ  | 4B
 CR4 4YL  | 2W
 EX6 8TH  | 6X
 SN5 4BH  | 2Z
 SK14 3HB | 6N
 GU9 7PD  | 2T
 TN38 8EB | 1J
 GL5 5ZX  | 3E
 BH19 1QG | 1Q
 KA3 1EN  | 6W
 DE56 1FJ | 4R
 SA4 8NR  | 7D
 N7 8UG   | 7E
 BA1 5PJ  | 9T
 EH11 2WW | 4W
 SN12 7HF | 4B
 SA19 8PZ | 7L
 LS28 5UF | 4Z
 UB1 1SU  | 3B
 SA6 8AX  | 7P
 HP23 6EZ | 7J
 DN6 0FB  | 2G
 HP22 6HD | 8U
 LL31 9YB | 1N
 W3 0XH   | 9Y
 BT9 7JL  | 6S
 G63 0PA  | 1G
 NG17 8DH | 1B
 G11 5AA  | 2T
 W1N 6JD  | 2E
 DE3 9DJ  | 2J
 BT64 9BQ | 6P
 TW8 9XR  | 3H
 EH6 4BG  | 4Y
 DN40 2DW | 6F
 SN10 2EE | 7D
 TN29 9PS | 2R
 BD1 9DR  | 9S
 LU5 5PR  | 3B
 BB4 6PZ  | 3F
 IP28 8PX | 3Z
 WV6 0WS  | 5E
 N10 1ZB  | 8U
 DA15 7LB | 5B
 N1P 1XU  | 3R
 SA12 7NT | 3X
 B36 0SN  | 4Y
 RG1 6LR  | 2Q
 KA18 1LG | 9F
 CO15 5DG | 6E
 LE5 5DQ  | 2X
 CO13 0JS | 8U
 DN20 0LS | 9S
 SK13 8NY | 1X
 LL23 7EQ | 1X
 NG34 7QY | 6H
 ST7 3NQ  | 4A
 WF4 2AT  | 3T
 S8 9BG   | 1Y
 DN11 8RW | 3G
 BT60 4QQ | 3Q
 BS35 1ZW | 6S
 NP16 7LQ | 9L
 HD1 3UJ  | 1Q
 NE9 5TA  | 1U
 PO18 0SB | 8X
 SW7 3AL  | 9X
 NW5 1LJ  | 3E
 LS25 6JN | 4R
 BB4 9JY  | 4G
 RM8 2AT  | 6R
 HU16 5HD | 8Y
 NE34 7NF | 8X
 OL4 5NS  | 9F
 DN41 7QN | 2Y
 BN6 8WG  | 1Q
 B61 7HG  | 8Z
 OL9 6RD  | 7Q
 W6 9UR   | 1F
 IV2 7NS  | 6Q
 SS6 8DY  | 9W
 LN6 0WG  | 5S
 BT94 5FQ | 3S
 HP13 7UB | 7J
 LE4 4DG  | 4H
 CB1 9JY  | 7Q
 YO8 3SX  | 1L
 BL7 9SS  | 7G
 PO32 6HA | 2E
 IP28 6LB | 3Q
 CT3 4AX  | 3G
 KY16 8JZ | 9N
 CM7 5SN  | 1U
 NW10 2RA | 8L
 SW3 2AH  | 5D
 DN4 8WU  | 1Y
 CM5 0EW  | 7J
 CH1 9YW  | 6U
 CA25 5DG | 1H
 BS11 0EA | 6A
 EH52 5HY | 6X
 KA21 9AH | 4Y
 TS11 6AD | 8J
 G67 2WJ  | 2N
 S40 3AR  | 1S
 PE19 8PE | 9Y
 BS3 2BW  | 1A
 HA7 3WD  | 7Z
 W5 1JL   | 9A
 SM6 8SB  | 8F
 LL54 6LD | 8Z
 BS3 5BT  | 4T
 PE12 6EU | 2J
 RM7 8LX  | 8E
 RH1 1JP  | 6S
 B71 1EX  | 9W
 SP2 0NR  | 5R
 ME14 9AX | 1A
 LS27 7JB | 9Y
 CM20 9JF | 9R
 BD21 2JH | 1T
 NR27 0BY | 6E
 NR10 3JB | 1P
 HX2 8DU  | 9F
 DE55 1BA | 8B
 CH60 5SB | 4W
 CO5 7RA  | 1P
 CA14 9UB | 4T
 WD24 5LY | 9Z
 PE6 8NG  | 7U
 LL29 9YN | 7S
 GL50 9AU | 1B
 W1G 8UU  | 6B
 SW9 0PH  | 6B
 EX34 8LD | 2E
 CR3 0BA  | 9L
 SG19 1DD | 3N
 PH33 9AD | 1B
 BH21 8NE | 3G
 CF71 7NY | 7Q
 GL7 1GA  | 3B
 KT23 4AZ | 7N
 BB5 5QG  | 2Y
 NE2 2HE  | 7U
 WA1 4SY  | 4T
 WF13 4AY | 6Z
 DN4 8XP  | 1J
 DD8 1AB  | 9H
 WF3 3AY  | 5A
 WR10 1NE | 2N
 WF6 2PZ  | 1G
 SA1 7AS  | 1B
 RH15 0UY | 7L
 B61 7DL  | 7H
 ME14 4LH | 3J
 BN1 7LX  | 6Z
 CH8 7NY  | 9T
 SS7 9GP  | 7L
 DN8 5FL  | 4E
 RM5 3HB  | 5E
 LS1 4SH  | 6S
 BT66 6LY | 8P
 IP14 1QA | 6Y
 SS4 3BG  | 6W
 IM3 1HD  | 3A
 SS17 9NS | 1A
 DT8 3LP  | 1Q
 W4 5UA   | 6P
 NW1 8TY  | 5S
 CV2 3JP  | 9W
 WF17 6NQ | 5U
 BD18 3EL | 4B
 SM7 3BX  | 6Y
 N17 1BD  | 1S
 WV14 9YR | 5A
 SE18 1YQ | 8F
 TS14 7DE | 2X
 WF6 2BT  | 5A
 HD8 0NL  | 6E
 NG17 8HP | 6L
 NP16 6TW | 9H
 SW17 0AB | 7T
 CM7 5NJ  | 2U
 EH15 2HN | 6Z
 EH4 7BS  | 5F
 SG1 2ZT  | 4H
 CH88 3WS | 3W
 CV11 9SG | 5R
 S70 1RQ  | 7T
 W2 3AN   | 3P
 GL51 3YP | 9T
 PE27 4UD | 8R
 S70 3JD  | 3W
 BT70 2RL | 3Z
 SE15 1PN | 9E
 SE18 3PG | 7E
 OX28 4GH | 9E
 BS16 4YP | 5Z
 S14 1BX  | 3A
 LS13 4JL | 4A
 SA73 1AH | 7S
 KA1 1AY  | 7P
 B30 3NG  | 4P
 SA12 7AW | 9G
 CA4 9LJ  | 8G
 NN18 8NT | 1L
 SW12 9WF | 4J
 ME4 4JD  | 3G
 RH16 2YW | 2W
 DY3 1JQ  | 7D
 BT56 8PE | 3N
 GY1 1JD  | 5F
 TF7 5RR  | 2F
 NW6 5DE  | 7H
 GU12 4JT | 4Z
 RH1 3WD  | 7T
 TR1 1JR  | 2B
 DH5 0LN  | 7X
 EH48 9BS | 5G
 SA63 4QL | 4F
 DL14 8QP | 1B
 S61 2DR  | 6S
 G51 1PP  | 6A
 G14 9RL  | 1A
 G78 3EX  | 7T
 BB5 4EN  | 9N
 NG1 1DW  | 2N
 LS17 8XE | 4N
 TR11 3RW | 2X
 CO3 3EE  | 4F
 N20 0XL  | 7W
 BT49 0QG | 4J
 CF5 6EE  | 6Z
 NE1 7EJ  | 3Y
 GU14 9FG | 2H
 CF61 1BD | 7S
 TN39 4AE | 1E
 BT45 7XN | 4H
 TN27 0EH | 4L
 FK1 3EJ  | 6S
 YO10 4JE | 5T
 PE19 5XP | 6Z
 CW9 7FY  | 8Y
 TW8 8HQ  | 2Y
 RH15 8EB | 2N
 OX4 6DQ  | 1A
 LN6 7NF  | 9B
 HU5 3NS  | 1N
 EX8 4WR  | 9B
 NG19 0PN | 5J
 NE5 2XW  | 4T
 W1U 6UD  | 8T
 SR7 8NU  | 4Q
 TR18 4AZ | 1W
 PA17 5EQ | 9P
 RH2 8YQ  | 3S
 DL6 2YH  | 9X
 W1A 5FZ  | 1W
 N9 0PG   | 7F
 CM19 4HH | 7A
 SE13 7SB | 4E
 SO31 5PU | 3T
 BL5 3TB  | 1Q
 TR5 0YS  | 8Y
 CV34 6YG | 3L
 G21 3LE  | 4G
 MK13 8LD | 8P
 IP16 4JA | 9R
 S41 7PF  | 2Y
 GU13 0YJ | 9D
 GY8 0BD  | 9N
 LL21 9AS | 3N
 LL18 1ED | 4E
 PR1 7UX  | 3Q
 BA1 6EL  | 1R
 DE73 5SJ | 5F
 CM7 8QH  | 7E
 CR7 7GB  | 2G
 CB10 1JL | 3G
 RH6 7FH  | 1Z
 L27 6PH  | 7Z
 BN2 5RR  | 7L
 OX5 1DE  | 1J
 DY13 9LA | 3P
 SO16 9TD | 1U
 PR5 4NT  | 7L
 CM23 2AR | 4T
 PR4 3DX  | 2J
 N8 9NT   | 2Q
 CM3 8ES  | 5Y
 SY99 8AA | 8Y
 FY8 5SB  | 5Z
 NE28 7EX | 7A
 GU1 4WS  | 9Z
 NP44 5TG | 9X
 TW8 0DT  | 7Y
 SP7 9QA  | 1T
 PL15 8RR | 3Y
 B15 3QQ  | 1N
 HG3 1HN  | 8U
 SA18 3LG | 5A
 CF14 6AG | 5E
 SS7 3QQ  | 9H
 EX39 5RL | 7E
 G51 4GH  | 7U
 RG4 5LB  | 9T
 G14 0LL  | 8H
 PE17 1YU | 9N
 EX20 1TF | 7U
 CF41 7JU | 7G
 LL37 2QQ | 4S
 MK40 2ZP | 9W
 NG18 4HD | 6Q
 LN1 1UQ  | 3E
 LS15 0JT | 4N
 ML3 7QA  | 9S
 BN3 4EB  | 6B
 SO45 5UX | 8Z
 NE36 0BW | 4F
 KY11 9JT | 8F
 IP26 4ET | 6Q
 TD5 7TF  | 3J
 BS20 6EG | 5X
 CM11 1AN | 3H
 ME10 9ER | 2E
 MK5 7WE  | 2X
 YO16 4AY | 3A
 BR1 9WA  | 7X
 BD21 4ED | 1F
 SP8 9AQ  | 2G
 CV7 8NZ  | 2P
 E1 4WL   | 7P
 CH65 9JX | 4R
 PE21 6AP | 9W
 OL5 9LA  | 6E
 DT9 5AD  | 3B
 EN3 6NR  | 8D
 WA5 3AT  | 6E
 HP27 0BT | 5Z
 PE24 5BB | 8R
 SY23 3RB | 7H
 TN22 1EH | 1A
 TQ2 6TS  | 5E
 BT63 5UR | 1W
 LS9 9XL  | 5A
 PA21 2AD | 9T
 WR1 3WP  | 1G
 OX7 5TL  | 4Q
 RG1 8HX  | 7E
 DD11 3SH | 6U
 SO31 9GP | 9L
 PA4 8RG  | 3U
 IP31 1RX | 2X
 CW9 8GB  | 9X
 CB6 2WY  | 6H
 BS15 8HT | 4D
 GL20 5QR | 7W
 BH10 7ZX | 9D
 HD7 1NE  | 6J
 E15 3ER  | 3D
 BB1 2BT  | 2Y
 LL55 4UP | 6U
 ST10 4EJ | 4D
 W2 7XL   | 4X
 ML6 9RN  | 3Y
 CV6 9DZ  | 7L
 KT22 9NN | 8Y
 DA1 1LU  | 3Y
 OL16 2RZ | 8Q
 DN37 0DW | 8J
 OX7 6SD  | 8E
 BD18 3DL | 7S
 LE12 5ND | 8E
 PR3 1ZG  | 3U
 W6 0SX   | 2U
 TQ3 2HQ  | 7W
 EN5 3LD  | 7Q
 IP11 3AY | 9Z
 HA4 8BU  | 8G
 AB24 3UL | 8D
 PE7 3BU  | 2U
 TS7 0WB  | 2T
 BN6 8WB  | 3G
 SP5 5NZ  | 5A
 TQ12 4DQ | 2F
 PE13 5RD | 6T
 TF9 2NY  | 2U
 GL54 3DJ | 3Y
 CH7 3BE  | 8Q
 BR2 6BU  | 9W
 NR15 1RF | 7P
 DT3 6YJ  | 4Q
 SM5 4QB  | 7X
 KY7 5JU  | 7E
 BD1 3TQ  | 2G
 ST1 5PL  | 4Q
 NE15 9JU | 4E
 CF3 0XH  | 4J
 BT5 7HF  | 8P
 UB3 1HJ  | 5R
 TW20 9SU | 4Y
 WS7 9BS  | 6F
 SA3 5LL  | 9P
 B76 9DN  | 7H
 RH16 3TG | 2Z
 S35 9XA  | 2W
 BT52 2PY | 1F
 YO62 5XX | 1H
 L13 9AN  | 9F
 BA1 6WH  | 3D
 LL31 9LH | 1Y
 IP13 0NZ | 4T
 PO9 5LH  | 8P
 DE6 3BP  | 6U
 NN3 3LJ  | 7N
 W1F 9LD  | 6A
 PO7 6WA  | 8J
 CA28 6TQ | 8G
 PE3 8BH  | 6T
 TN34 3SA | 6W
 WS11 3LY | 8Z
 BT65 9BF | 6A
 HU10 7RN | 9D
 NP10 9LN | 3W
 CV3 5YA  | 5J
 OX4 4YG  | 8D
 G4 0YT   | 3E
 AL5 4GW  | 2H
 SG18 0AL | 6N
 CF14 6EB | 6N
 HA3 5WF  | 8T
 LE1 5DF  | 2S
 BS1 6NJ  | 8X
 DY7 6EY  | 1G
 TN3 0WZ  | 3P
 BB5 5AJ  | 6W
 SK6 7LP  | 5P
 CH47 6BQ | 5E
 KY16 8DJ | 6N
 SW1H 0ZU | 4Z
 PE12 2AU | 5H
 SY1 4RA  | 4P
 OX4 2LG  | 3F
 GU34 3WZ | 9W
 NR30 2RX | 8F
 SA61 1SE | 3F
 ST3 3AN  | 8N
 DN14 7JJ | 8T
 HR8 1HU  | 1U
 LE4 8EH  | 5U
 PA15 2BW | 4J
 RH13 0LB | 6D
 PL19 0LB | 9G
 CF32 9LD | 7A
 M14 4HB  | 6Q
 TN35 5PW | 1H
 LA2 0BG  | 8F
 M32 8BA  | 5B
 SO50 5TR | 8G
 L24 6SN  | 3N
 WS6 6LY  | 5G
 WA3 3TT  | 2L
 NN29 7NX | 4A
 DL5 4BE  | 9A
 E17 7QS  | 2U
 PL27 6BW | 5G
 SG2 7HB  | 5J
 CO15 5RJ | 6F
 G12 0UL  | 1H
 SO18 2WH | 9W
 PA16 0PW | 5Z
 BB1 8EN  | 7U
 RH10 8JS | 7J
 CA22 2HE | 7J
 M8 4RF   | 2Y
 CF5 4TF  | 5R
 M50 2UY  | 3B
 BR1 4QT  | 5N
 PE19 2DE | 3R
 NG34 4DF | 5T
 SN15 2BG | 2U
 CF11 7BU | 2B
 BR7 6JL  | 5T
 WA3 2EH  | 8W
 LE4 2EZ  | 2J
 RG24 7JU | 1L
 NN29 7AB | 1J
 DG2 9PA  | 7B
 SO40 4SL | 6F
 B79 7XZ  | 9D
 DN2 5DR  | 7E
 E14 9RX  | 8W
 NE20 9BE | 9X
 DT2 0ES  | 8X
 BR7 5SP  | 1W
 CA1 3RG  | 6G
 IM3 1EP  | 2W
 RG20 6QR | 6J
 S71 4LS  | 8H
 WA3 1AD  | 7R
 SY10 9PH | 2D
 WA4 1HX  | 9F
 IP13 0LJ | 7U
 E10 5JR  | 1Y
 IP19 8LJ | 3G
 NN1 4PH  | 2D
 LL11 0AE | 9T
 CV4 7AE  | 1B
 LE10 0SH | 4R
 PR9 9EL  | 4A
 SE11 5TN | 7H
 OL14 5BZ | 1R
 PE4 7TL  | 2N
 CB21 4RD | 1H
 LA1 1AL  | 1D
 CR5 3RZ  | 1D
 KA6 5JW  | 4D
 ZE1 0PU  | 6W
 BL3 2QG  | 3F
 IP7 5AH  | 8J
 B3 1UP   | 2Z
 PH2 0LQ  | 7R
 TD15 1BW | 4G
 AL4 0ES  | 3T
 MK45 1JB | 5F
 G66 7DA  | 1H
 ME6 9AP  | 4Y
 LA18 5LJ | 1Z
 SN1 5LW  | 3H
 OX3 9QS  | 4L
 TN12 9SP | 4D
 NG22 9LJ | 6Y
 TW16 7LY | 4Y
 CB3 7WS  | 5W
 M33 3AB  | 5A
 SY23 3DB | 8Q
 LS20 8NL | 9T
 BB10 2HU | 5X
 HD6 3RQ  | 7X
 CB9 7YG  | 1X
 W1A 1HF  | 7Q
 MK42 0FD | 2W
 SG1 2PD  | 7S
 LU3 1AG  | 3P
 WD25 7BL | 9Q
 EH12 5WU | 4A
 BR8 7EP  | 8Q
 PH2 9DY  | 4B
 OX28 1HP | 5X
 WA15 6LQ | 4Q
 ML9 1EF  | 7A
 BT47 4HE | 6W
 G77 5FB  | 2X
 SG6 1FE  | 2L
 LS6 3HE  | 6J
 G78 3QJ  | 5F
 WD17 1XR | 3A
 DN21 5HX | 9Q
 SE17 2YD | 5E
 KT15 1JN | 2H
 NN11 1AZ | 7J
 SL9 1AS  | 6Y
 DH2 2HH  | 1S
 IM2 6LL  | 7S
 DH8 5ST  | 9X
 BS5 6ES  | 8Z
 CF82 7BD | 8X
 IP9 1EB  | 8B
 TS12 1LX | 6T
 EH17 8EU | 4W
 UB4 0HZ  | 8X
 W1N 7HD  | 8F
 TN22 5LZ | 5X
 PR25 3FB | 7J
 SP3 5NT  | 3G
 BL2 2EX  | 7X
 WV6 9EN  | 4W
 NR11 7LS | 7F
 GL19 3SB | 2Y
 WA1 3SQ  | 8T
 BB9 0TE  | 7Y
 BT33 0RT | 4S
 GY1 3PE  | 1L
 AL1 3QN  | 3S
 LE14 3QL | 4J
 EH52 5HX | 8B
 BD15 9AR | 7L
 DD11 4UH | 7Y
 WD3 2NR  | 4X
 PR2 7AG  | 8E
 NR7 7NS  | 1N
 TR1 9DQ  | 9U
 HD1 3SR  | 9R
 NW1W 9QW | 8H
 TN27 9PT | 3A
 CR2 6WU  | 1F
 BT41 2QR | 1U
 HX1 2GZ  | 2F
 SE5 8JE  | 1J
 TN21 1BT | 8N
 TA2 6NR  | 9W
 TR15 3UH | 2P
 RG1 9FY  | 7R
 MK45 2UB | 9G
 WC2E 7JT | 7F
 CR0 2TR  | 5W
 HA2 9ZN  | 5H
 EH47 8GD | 9E
 TA11 6RB | 7Y
 OX28 9SJ | 3Z
 WD5 0QZ  | 8R
 EH11 2RW | 8H
 GU27 2PL | 8A
 NP15 2DS | 2F
 WN6 7BB  | 7B
 BT12 5JG | 7J
 RG2 8JX  | 6T
 ML8 4DD  | 9L
 PE13 3HD | 2B
 CV22 6BA | 3S
 OL12 9UA | 7D
 TA20 2DF | 5Q
 RH1 4HL  | 2Z
 BN3 1NJ  | 8P
 BT36 5EX | 2H
 CV6 3EX  | 9T
 WS3 1HL  | 6U
 NW1 1SG  | 3B
 BN17 6QU | 2T
 DA1 1XW  | 9S
 LS27 9HB | 7T
 DE75 7SZ | 1B
 NR2 4TP  | 2U
 BS20 1AW | 3A
 OX16 5LZ | 2P
 ST6 4RT  | 6G
 PO11 9RL | 6Y
 WA2 8SP  | 3U
 LN1 1RY  | 3Z
 SM6 7NQ  | 5L
 BN8 6DR  | 9B
 RG6 7XQ  | 8F
 CT15 4WW | 1J
 TS10 3PG | 3X
 FK9 4XJ  | 5B
 KA13 6EP | 1X
 SY11 3QF | 4D
 TW18 1DT | 2H
 KY11 1JD | 2G
 NW5 4BD  | 3H
 TW3 3WY  | 9Q
 TN21 8UE | 5R
 SO19 2NX | 4G
 OX2 6JT  | 5W
 BS20 6QJ | 8J
 DA14 6NL | 5P
 RG12 8ZG | 9U
 HX1 5BD  | 8Y
 GL7 3DJ  | 9H
 ML7 5RF  | 7Q
 M27 8YY  | 8X
 DE7 5FB  | 7N
 NN8 4DN  | 9X
 TW9 1FL  | 4L
 HU8 8DP  | 1L
 CA17 4DN | 7B
 ST5 1LT  | 3J
 SO32 2ZE | 6S
 CH45 3JA | 4L
 BA12 7NL | 6P
 RH20 1DG | 3U
 WV10 0LJ | 6P
 BR2 7AU  | 5D
 PE20 1HT | 8T
 EC1M 5NR | 2P
 TN12 6TG | 7T
 EC1R 0DQ | 7B
 W2 3QG   | 6S
 WA10 3PE | 3T
 HG4 4HG  | 4Y
 W14 0RE  | 4B
 HU11 4DX | 6A
 BN27 1LX | 7Y
 BN3 3BQ  | 4P
 CO9 1BL  | 7N
 TF4 2LJ  | 5G
 ST21 6HN | 7U
 CM8 1XP  | 6H
 GU4 7JS  | 1X
 NG34 0JJ | 5E
 DL1 9FE  | 2R
 KT22 7JB | 1W
 G64 1TF  | 3S
 CB2 5PT  | 3Z
 FK8 2JY  | 3B
 TN9 1LT  | 5H
 OX2 6LQ  | 8Z
 WF1 4FD  | 9A
 WA3 6XU  | 1U
 WA7 4QX  | 7N
 AB43 7EJ | 5Z
 BL3 6LP  | 6P
 NR11 8UY | 2Q
 HU13 9YQ | 4D
 M26 4BP  | 2L
 S41 0NU  | 3G
 N16 1EL  | 3Z
 PE18 6TU | 7Z
 S75 3JT  | 9L
 LU1 4HA  | 5Z
 NR16 2EG | 2Y
 RH13 5JR | 1A
 M34 5YL  | 9P
 ME6 5GD  | 1Z
 FY8 3RG  | 7L
 AL5 3BH  | 7L
 M5 3FT   | 9N
 DY4 8TP  | 4Z
 NG8 1QD  | 3R
 GU31 4ZJ | 9W
 NP18 2LW | 1Y
 CF32 9BW | 1Y
 E5 9NU   | 3L
 ML8 4HD  | 7T
 BS39 5DY | 4E
 CF48 4AQ | 9S
 YO25 4WU | 1E
 G20 6YT  | 2S
 TR7 2SB  | 8D
 NW11 6YN | 8T
 SA73 2DD | 5J
 AL5 1AY  | 5E
 HP4 9BJ  | 5Q
 LN5 9WY  | 1B
 ML4 1HJ  | 8T
 NN29 7XB | 5J
 BH18 9DD | 7S
 SS9 5EX  | 5E
 TR10 8YG | 9J
 HA5 5RX  | 3F
 G69 0JQ  | 6J
 NW4 9DY  | 9W
 MK13 0DL | 4W
 CO6 1WZ  | 1E
 BH12 2EW | 7S
 DE15 9BQ | 3Y
 BA1 0QN  | 5E
 DL12 8UF | 1P
 CW12 3SW | 5J
 NN18 9JS | 2N
 NG15 8HA | 7Y
 BS4 1AR  | 8J
 LE19 9BB | 5T
 M20 4XQ  | 4D
 NR34 7DT | 9D
 BT92 0EG | 4L
 E5 8XG   | 5P
 BT65 5BJ | 1W
 WD1 8HH  | 7T
 DE4 9DR  | 3Q
 BT78 5SE | 3B
 TN32 5UL | 9S
 FK3 0AP  | 4B
 IP27 0EA | 4Q
 BD14 6EL | 8A
 HU10 7NR | 9J
 EX14 9PY | 5D
 BT66 6SN | 7P
 RG9 4WG  | 9J
 G78 1DD  | 3E
 RG7 1EE  | 6J
 KW1 5QB  | 5R
 ML1 3SR  | 9Y
 W4 1GB   | 4P
 SY1 3JX  | 5Y
 EH14 1JX | 9T
 LS28 7BP | 7B
 MK8 8NA  | 3F
 PO1 9SN  | 5D
 NG10 1BX | 3Z
 ME17 4US | 5J
 CV34 4ST | 4D
 EX1 1NT  | 8L
 SK4 3YY  | 1G
 DN35 8DP | 7X
 B10 9BD  | 8L
 LS14 5BN | 2N
 ML11 0HP | 6B
 EX8 5LX  | 6D
 IM9 6PB  | 4W
 LS15 8RP | 3L
 HU3 3LB  | 4U
 CO2 8XP  | 5D
 N20 8LZ  | 9L
 NE66 9AT | 6T
 CB4 5HD  | 5Z
 B2 5WA   | 3S
 EH15 1JZ | 8S
 NE33 4BE | 2Z
 DT6 6DZ  | 3Z
 IV3 5HB  | 6A
 KY4 8EA  | 1G
 SK9 3NS  | 5G
 KY16 9SG | 9F
 BA16 0NP | 4Q
 W1T 1LA  | 6E
 SO31 5FA | 3Z
 WS7 2DT  | 1S
 NP23 5SN | 2S
 LD3 7RH  | 6L
 SA4 1AU  | 8A
 BH4 8YG  | 1Q
 NR1 2QR  | 6T
 SG3 6XD  | 4F
 NG22 9NT | 4S
 LA14 9DA | 2F
 TA12 6JQ | 4L
 CR0 1BP  | 2A
 BT78 2PR | 9F
 OX1 2ES  | 5P
 S11 8HH  | 4P
 ST10 2PB | 3N
 BH17 0RY | 3A
 SM1 4WL  | 4L
 SP1 2JX  | 3B
 PL3 4WU  | 8P
 BT36 7DT | 8R
 LL17 0EE | 6S
 SO53 2NS | 5S
 SY21 9BB | 7U
 LS16 6HY | 2Q
 JE2 4WA  | 7H
 IM9 3DQ  | 5X
 BL9 6FS  | 7A
 SK1 4ER  | 9W
 BD2 4RU  | 5D
 NG7 1NF  | 2S
 TD11 3JF | 5D
 EC1M 7WB | 9L
 W1A 7DH  | 8B
 RM16 2DX | 2N
 EH4 8AD  | 4A
 NW11 7FH | 3E
 SE4 1JE  | 2D
 GL54 5AS | 4J
 WD23 2ND | 8S
 EN8 7GD  | 6W
 BA2 7XX  | 5E
 KT19 9LY | 9U
 NE26 2AN | 5F
 E1 6UY   | 5F
 CF31 5NA | 1N
 SO45 5ZP | 4U
 NE1 6LP  | 6W
 NW3 9SG  | 9E
 NE4 6TL  | 7U
 TN9 1RW  | 3F
 DN8 5DX  | 5Z
 IM3 3HG  | 1Z
 CB8 0GQ  | 3S
 NR15 1HU | 6J
 OX7 6PL  | 6S
 CF38 2PN | 8L
 PO7 7FA  | 1H
 TW18 4JX | 4D
 S66 2SU  | 4A
 S60 2JH  | 9L
 ZE1 0NP  | 9Y
 LD3 7BU  | 7A
 BT30 7TH | 2X
 CR7 8NA  | 7Y
 CT11 0AA | 8N
 DE6 9AB  | 3N
 LU2 8LE  | 8Q
 M45 8GS  | 5T
 FK3 8NY  | 7G
 BR1 5ZF  | 3Z
 BT19 7NY | 8Z
 M21 8YE  | 5T
 EC2M 4YP | 4Q
 UB8 1HN  | 1Q
 G84 0YG  | 7Z
 S6 2XA   | 1N
 SP4 8AA  | 8B
 KW1 5NA  | 2G
 NN4 4AD  | 2S
 CV21 2NL | 1W
 LE14 4EY | 7T
 PL6 5JT  | 9Q
 SO17 1DA | 2Y
 EX10 8QH | 9S
 S8 0HR   | 1R
 DA7 4PZ  | 1A
 FY5 1RB  | 3S
 DL1 3RH  | 3L
 HU7 4JT  | 2Z
 L13 8WB  | 6W
 SK7 1QN  | 5W
 LL33 0NL | 1H
 LS9 0NX  | 1Z
 KA19 8BN | 5L
 WN8 9UF  | 5T
 DN20 0UE | 7T
 PL5 1LH  | 7Y
 N10 2HH  | 5Z
 S41 0UY  | 1B
 NW9 1EY  | 7A
 IM1 1JA  | 1S
 DL13 2PB | 8G
 RM11 1AA | 1A
 RG20 0BG | 8P
 FY5 1JZ  | 1S
 WN4 9JP  | 3E
 M14 6UE  | 7T
 W1A 2TY  | 7S
 NP24 6HB | 3L
 CR0 3PA  | 9H
 RH1 2LH  | 5J
 WR13 6YB | 5U
 SE17 3BF | 5X
 SO16 5JB | 1G
 SW20 0UF | 9U
 CB6 2JS  | 7G
 TQ1 3HG  | 1A
 GU14 7NQ | 4S
 SW7 1DD  | 9Q
 RH12 4HJ | 6Q
 RH1 1FY  | 4D
 BD1 4DF  | 4P
 WD18 1BR | 1R
 SW12 9PU | 8L
 LE9 7ZS  | 4E
 DN16 1NF | 4W
 LS8 2LY  | 3S
 SW11 3LR | 6Z
 ML3 7WG  | 3U
 BT70 9AT | 6F
 BS15 3EZ | 2H
 NG16 3JR | 4D
 TN15 8DY | 8G
 EX15 3PQ | 7U
 N20 8HA  | 9T
 BT14 8BD | 1F
 LS27 9XS | 5B
 BT23 8NR | 5G
 S30 3BH  | 7S
 GU34 1SD | 2B
 TQ12 1TZ | 1L
 PL5 1HJ  | 5P
 S6 1RR   | 2Q
 RM9 4PP  | 2F
 DA8 9BX  | 1N
 DA8 1LN  | 8A
 FY8 9AR  | 8A
 B76 1PE  | 4R
 WF17 9DD | 8Q
 DD1 1DQ  | 1J
 CV34 9LX | 9Z
 OX4 5YS  | 9T
 NR7 0QT  | 2D
 KT15 2LG | 7Z
 BN99 6QZ | 4X
 BN22 0UZ | 5Y
 LE18 4XZ | 2G
 SN25 3WT | 4N
 ME7 5NB  | 8G
 BL1 3NL  | 5X
 CM23 9AW | 9B
 ST8 6GA  | 4B
 M40 9JS  | 3Y
 G67 2EN  | 7D
 SO50 5ND | 7W
 S3 7BP   | 7D
 LE8 0WQ  | 4L
 RG7 1QU  | 9U
 DL3 7HZ  | 4R
 FY4 2HE  | 6R
 CH49 6PY | 8A
 SA73 1EG | 4E
 M30 7NA  | 1Z
 NE29 7BW | 6Y
 DN2 5EW  | 1H
 CA11 8TG | 5Y
 DN16 1SB | 8Z
 SE5 7WN  | 2G
 EN6 5EW  | 3D
 PE24 5BA | 6U
 E8 4NP   | 1D
 TN22 5ZF | 9P
 SS14 0WB | 5D
 B46 1JZ  | 8R
 CT2 7RX  | 8X
 W1T 3DZ  | 5Z
 SM1 3TR  | 7N
 DY10 4NG | 3Q
 WS12 5RJ | 5T
 RG7 3PG  | 7P
 MK15 9BU | 2D
 TN2 4RD  | 3X
 N6 6DG   | 9E
 OX18 4AA | 5Y
 TW9 2UQ  | 1F
 ME1 2DE  | 8U
 PE33 0DX | 1X
 WN7 3WA  | 5U
 GL56 0AY | 2U
 WA10 2AW | 7D
 B96 6HT  | 9S
 KY15 4ED | 6F
 OL16 5QG | 8Q
 SE6 2QG  | 9G
 HA0 3AF  | 9H
 SY25 6EF | 3X
 ME1 2AN  | 2S
 SG16 6XW | 5J
 NN17 9EY | 4W
 SS8 9WN  | 2D
 B98 7HT  | 8S
 NW8 0SJ  | 7P
 DN3 1SD  | 2J
 G81 2EY  | 4X
 CT18 7JY | 2Z
 CB10 1DT | 2J
 LU3 2NF  | 6A
 NR12 8LL | 8T
 WA2 0NA  | 9S
 CH47 1HL | 8Z
 G23 5HY  | 7P
 AB54 6YQ | 4Q
 BB9 8TN  | 8B
 SE23 3PD | 4U
 WD3 8PW  | 7N
 LE10 9SD | 6H
 HR9 7DA  | 9W
 DN1 1TR  | 6J
 RM17 5UT | 9T
 ME14 5ED | 7T
 PE2 7FD  | 9A
 LU1 9BD  | 4X
 EX14 4XZ | 8D
 SL6 9ES  | 1P
 KT10 9XY | 3U
 SG9 0QA  | 2S
 B69 2PD  | 7X
 NW10 5QA | 2Q
 SO53 2WS | 9G
 BL3 5DR  | 3L
 AB12 4RX | 1E
 LS28 5EX | 9Y
 AB55 5BS | 5A
 TN14 7DE | 1U
 KY1 3EP  | 7H
 DT10 2YQ | 5Y
 NG5 4PR  | 9G
 SN10 3SG | 7W
 WF10 4TR | 8R
 CV32 5SY | 3F
 RH14 9DE | 1B
 DG4 6NE  | 2E
 KT12 2JT | 3U
 LD3 8HP  | 3W
 MK8 0LZ  | 5L
 BR1 3ET  | 9P
 W1N 0LH  | 5N
 SO30 3DU | 2A
 RH2 0HN  | 1W
 DN14 5BW | 5D
 SK15 2HD | 1U
 WC1H 9WD | 2Q
 WR11 2WU | 2A
 RG20 5RW | 3S
 WF1 9BH  | 9G
 PE19 3XR | 2E
 S30 2LF  | 4T
 WF7 6ET  | 4R
 SW5 0DT  | 4W
 PO1 9SB  | 6P
 IV30 5US | 6E
 DG2 0NS  | 5Z
 M44 5DA  | 9E
 PL14 5WA | 5U
 BN20 7RL | 9S
 NR34 7UF | 5H
 M5 2XD   | 3J
 TR6 0EQ  | 8P
 NP16 5ZR | 4A
 DE23 6TB | 9Q
 RG19 6YZ | 8N
 BH5 2EL  | 6Y
 DN32 0HH | 5X
 SG8 8BE  | 8Q
 M11 4EQ  | 4Y
 FY5 5LN  | 5J
 WS13 7HX | 9Q
 PL5 2ED  | 6F
 BT67 9DL | 3A
 W1J 5AE  | 3F
 BA3 5FQ  | 6Y
 OX16 7JD | 8G
 LS28 7QL | 1A
 S9 1TB   | 9U
 TR11 4AH | 6D
 CA5 7AB  | 8N
 CF39 9AP | 7T
 DN2 6HU  | 1U
 SA13 1YW | 5Q
 M30 8GL  | 7D
 DE5 8JA  | 7L
 CF37 2RU | 8T
 HP11 9DS | 5B
 B6 7QA   | 7Z
 NG18 4YH | 4G
 LE65 2LQ | 8Q
 OX9 5AH  | 6N
 SA11 3TN | 5Z
 W1U 6PA  | 3N
 NG5 3DR  | 7G
 DL13 1JJ | 3F
 CW12 4UE | 7X
 OX6 0XD  | 9Q
 SS7 5TA  | 4W
 RH19 4UU | 4G
 NG14 6GE | 5W
 BH9 2BJ  | 5T
 AL10 0ZN | 8P
 CT5 4HW  | 5R
 PE27 3HE | 9A
 HP22 9HF | 2Z
 SO19 8AD | 4F
 SL3 6QE  | 8L
 IP29 4BS | 8B
 SY23 3AD | 7E
 LE6 0HJ  | 6F
 SN2 6PT  | 3X
 SK6 5EW  | 7L
 OX11 9WA | 2G
 WV4 4SY  | 5Z
 FY8 3US  | 2B
 LS17 9BH | 6G
 PL32 9RN | 4N
 AB25 2NT | 8F
 ME15 7TH | 7R
 E11 4FQ  | 5T
 SW4 6WR  | 5E
 BT12 5HP | 2Y
 BN17 6UR | 3R
 LS17 9DJ | 2Y
 NE10 0AP | 7S
 DH8 6TY  | 5Z
 SE6 1PR  | 7A
 SW4 6ZJ  | 8Z
 FK15 0LA | 5Y
 ML1 5RH  | 7P
 W1K 6DH  | 5H
 WA7 6QU  | 5Q
 NE8 2AP  | 2A
 NR21 9LH | 6R
 WS14 0YL | 2R
 TW18 2QW | 8R
 NW10 5DE | 9Z
 BH21 4AQ | 8Y
 SE14 6NU | 7H
 LL14 5LS | 2J
 TA4 2QG  | 5J
 LN1 1WZ  | 1F
 EX32 7PH | 3A
 G13 4SF  | 3R
 DT2 7LH  | 2J
 PL21 0JT | 3U
 LL31 9AG | 1Q
 N22 7DB  | 8S
 CT20 9BL | 6W
 SN17 3BP | 4F
 BS9 2RQ  | 9J
 CT10 3PX | 6F
 SN13 8BX | 5L
 SS0 9YB  | 7X
 S2 3QX   | 2G
 AL6 0JY  | 2A
 ME20 6SH | 8R
 CV37 9DY | 7T
 IP7 6QY  | 9P
 S81 8RB  | 2Y
 NG4 4PF  | 1J
 WN2 5NY  | 2X
 WV3 9BA  | 3A
 TQ7 1LA  | 7R
 CV6 7YF  | 8L
 N15 4TU  | 9D
 TN17 1JT | 6P
 WF4 5RB  | 4Z
 L20 2EE  | 6H
 G60 5LT  | 7F
 SO40 9JD | 1F
 WD6 1NJ  | 4B
 W1V 8BH  | 2T
 ME2 3NB  | 2G
 L70 2QP  | 8E
 PL1 2YH  | 1Q
 SL1 5BP  | 6X
 RG42 9AT | 5E
 SK5 6NX  | 9D
 M20 4TN  | 8F
 WS11 6XQ | 4H
 PE14 8PR | 2Z
 AB51 0DQ | 5F
 TS5 7ND  | 9E
 BB10 1AE | 6T
 HR9 5HU  | 3F
 BR3 1RP  | 2B
 W2 3GA   | 6U
 DG4 6NR  | 9X
 IG8 1JN  | 9A
 BT78 3AR | 6T
 NW5 4NL  | 5A
 DN1 3SH  | 1E
 DD2 5QZ  | 6P
 E1W 3GL  | 1H
 DN11 8NJ | 8D
 SA15 4LT | 3F
 NW10 0AD | 7S
 SS12 0JG | 5F
 BT42 1HW | 7Z
 HA2 7HJ  | 5N
 RG17 0DA | 5Y
 CA1 2QA  | 9X
 CV7 9RD  | 1G
 TQ1 3NH  | 6X
 S12 2FS  | 1Q
 ME10 1FE | 5B
 CF14 9BH | 3H
 S1 2XZ   | 2R
 IV2 3GA  | 1Z
 WV5 7BS  | 1W
 CO9 2DX  | 9A
 DE21 7TZ | 6W
 L26 7AL  | 1D
 NE65 8JR | 4A
 NG5 6DN  | 2X
 W1H 7BG  | 5L
 CF61 1UX | 6R
 GU20 6EE | 5D
 SW19 8NE | 3J
 NW11 7ES | 7P
 LU7 7AL  | 8H
 NE10 0DJ | 2Z
 LS7 1EF  | 4F
 PO9 3QN  | 4Y
 GU10 3PA | 9X
 TA20 2RU | 4W
 NE19 1RB | 2P
 LN8 6YZ  | 2X
 EX20 1HT | 4S
 BL9 9HW  | 1T
 OX15 4FL | 4W
 CB2 4LY  | 8R
 BA1 4YL  | 8R
 SN25 1XF | 7L
 CB8 8WY  | 2J
 BD16 1JT | 1W
 DN33 1AX | 5J
 BH11 0ER | 2P
 OL2 7UG  | 4L
 KY11 2AP | 1X
 PR3 1QG  | 7Y
 SY21 8WX | 2L
 GL2 4QA  | 5S
 BS25 5NH | 4X
 W8 6DE   | 9R
 LU1 3AL  | 4S
 DN12 4TS | 2N
 CH1 3BA  | 3D
 G53 6AE  | 6T
 BL1 9AH  | 4J
 IP4 4AY  | 3Y
 NE12 8JH | 9L
 N5 2ZN   | 9R
 ML2 8NG  | 4X
 CM3 8BW  | 6E
 CT16 9SB | 4Z
 NN16 9FL | 6Q
 EN1 3TB  | 1J
 BN25 3UN | 5W
 TN2 9HF  | 4H
 L2 2UD   | 7F
 GU34 4HD | 9W
 NR12 0DH | 8F
 PH2 7YW  | 2E
 GY5 7AX  | 5D
 S35 0EE  | 2P
 PE13 4QG | 5G
 W1U 6NX  | 5Y
 B9 5AT   | 3D
 SR2 7WU  | 8R
 BN23 8GW | 3S
 S35 1SA  | 4J
 YO7 4JP  | 1X
 S6 6GU   | 9E
 SW18 1TL | 3S
 RH2 9HL  | 1A
 HD8 9AZ  | 6F
 CF44 6AH | 1Z
 NG17 8PS | 7L
 ME16 0TG | 2Q
 B42 1UN  | 9Q
 CH65 2DX | 3U
 TN29 9LX | 9A
 ME18 5LD | 2B
 EX39 5UZ | 1L
 NG20 0PY | 7T
 LE10 2DG | 4B
 SL2 5EN  | 6S
 NE5 3QA  | 5N
 WF14 8LD | 4F
 S6 4FG   | 7P
 LA3 2SJ  | 6X
 GL11 5AP | 8S
 KA9 1TP  | 3T
 PR3 1UY  | 5D
 LS13 4QH | 8G
 LA11 7JX | 3S
 TA7 8BP  | 7D
 SR8 4AS  | 1L
 SG14 2HX | 3F
 NP12 0BG | 5D
 W1D 3NE  | 3Z
 KT24 6YN | 7N
 TW14 8SF | 6D
 UB5 5ZA  | 8S
 ST2 7PE  | 9D
 HU12 9HE | 7F
 NN8 2EP  | 8B
 GL1 1WR  | 2Y
 CT21 4QB | 5L
 M15 5RH  | 4H
 LL34 6RA | 9X
 SW20 2EQ | 8A
 ME7 5YT  | 6B
 NE26 3TP | 6N
 HD4 5LG  | 2G
 SA5 9DN  | 7T
 SE9 3EW  | 2X
 CV23 9EH | 1F
 BB5 6DX  | 6L
 SW6 5WH  | 3Y
 BH16 5ZU | 4F
 SL4 1GH  | 2A
 SO40 0FU | 6A
 LS27 8QW | 4H
 FK3 8TX  | 2G
 SY13 1JB | 9Q
 RM11 2PR | 4S
 S41 7WX  | 9F
 PE27 5PN | 7B
 DG12 5LQ | 7H
 LS17 7NA | 9F
 M9 4EE   | 3E
 HU17 9JL | 6G
 SK1 1YS  | 9B
 SN1 3NG  | 8F
 OX9 3XE  | 6R
 LE17 6EE | 1H
 SE18 5LD | 8D
 EH6 5YZ  | 2U
 SS8 7DH  | 8B
 BN14 0BZ | 5H
 HS1 2QP  | 7Z
 CB1 7UA  | 9Y
 WF1 4HF  | 2B
 LE65 9DY | 1W
 CV1 3LN  | 8L
 AB33 8WT | 9X
 EH19 3FP | 9X
 BT35 8ND | 6L
 SE28 0JL | 1G
 OL10 4QR | 4G
 WF1 9WA  | 4F
 IP22 4DG | 8H
 G69 6DP  | 9B
 B61 9AB  | 7D
 CB10 2WP | 5R
 S81 7PE  | 1Z
 SW7 4PH  | 2W
 LE67 8QL | 6P
 SL2 2PF  | 5Y
 RG5 3JB  | 1L
 L16 9JH  | 3B
 ST20 0YR | 9P
 HR4 8AR  | 3W
 CT1 9JG  | 2H
 EH7 6FY  | 7S
 GU18 5XB | 8Y
 W6 7DR   | 9Z
 B13 3AJ  | 8L
 SO16 3QT | 7B
 PR5 5HR  | 5S
 WF15 6LT | 7F
 PE21 9AY | 7J
 BN23 7HY | 4L
 HA2 9WE  | 5A
 NE19 2DP | 8R
 M33 2FX  | 8N
 LU6 3JD  | 7R
 HX2 0UN  | 6P
 BD10 0DA | 3W
 G43 2XT  | 9E
 EH12 6JL | 3N
 LA5 9UD  | 7Q
 CM20 9HF | 2D
 GL54 5YA | 7E
 LD1 9WX  | 1A
 LE18 3QA | 2N
 BT32 5PA | 2B
 NE3 5BU  | 5T
 SA44 5HA | 5T
 PE22 9AW | 9B
 RG40 5QB | 7W
 E5 0RN   | 5L
 WS14 9NG | 2N
 HD5 0LZ  | 2X
 SA44 6SD | 4P
 L13 8AZ  | 9W
 DE75 7LU | 2U
 BD3 0DZ  | 5E
 CR4 1JA  | 7Z
 LS25 6JS | 3U
 BN13 3JR | 1F
 SA7 9LA  | 3J
 PO15 6BG | 3U
 ST17 9AH | 7E
 BT48 7HR | 3U
 TR26 3EQ | 2Y
 NG9 7GL  | 5B
 B63 4JS  | 1Y
 NE9 6NU  | 5Z
 ME4 5UT  | 2Z
 LE12 9ZD | 8G
 L39 6WW  | 6Z
 WS13 7PF | 5J
 ME5 9SS  | 2B
 DE4 5AW  | 4G
 CW2 5DH  | 8N
 LS17 6LA | 5H
 LS19 6NX | 7G
 LA23 1DZ | 5B
 L35 3RG  | 6R
 S75 1EB  | 3L
 PO3 5FT  | 1T
 CO4 5DD  | 5D
 JE4 9NF  | 9J
 DH1 5XG  | 6X
 NR15 2BE | 9T
 G82 1LS  | 7H
 CF3 1YF  | 2Z
 B15 3DH  | 7Z
 KT15 3RF | 8W
 PO32 6JP | 4L
 SG1 2ZG  | 7H
 SG1 6BT  | 4S
 BT80 9AW | 6T
 CV10 9LQ | 1E
 SA73 1JT | 4G
 CH62 5BG | 8S
 CH48 5DP | 6W
 S81 7RX  | 2Z
 KA7 4HP  | 5B
 PR25 2DH | 7H
 CT8 8TW  | 4Q
 TA6 4UR  | 1X
 L33 8YT  | 1B
 CR2 8NL  | 8H
 LL32 8YQ | 9Z
 EC1V 2XA | 7W
 N10 3TS  | 2X
 TW15 1YS | 4P
 TN27 9WY | 8T
 CM23 4BX | 1G
 EN5 3ED  | 5X
 BT74 9DF | 5E
 BN9 0DS  | 9N
 RG23 7DA | 3B
 S36 6BS  | 1J
 CH62 8AS | 6D
 HP27 0SQ | 4P
 PO21 4SR | 4N
 SE18 1ZQ | 4B
 NP10 9EP | 2X
 SW6 6FJ  | 7A
 RG4 8RB  | 2U
 BT15 4AB | 1B
 BS25 1LW | 8Q
 WS7 0AL  | 3U
 B60 2TN  | 8L
 SA44 6PG | 4B
 SN3 2PQ  | 6N
 LE17 9AD | 5Y
 ME15 9SW | 4U
 BN43 5PR | 8W
 TW9 3HD  | 6H
 W1B 5QQ  | 7Z
 BA21 3QP | 3N
 TA1 2HG  | 9X
 PL18 9SD | 9Z
 DE73 7JY | 3S
 N1 6XA   | 8N
 SA14 9YU | 1Q
 W1A 7TY  | 7H
 CF14 5YR | 4B
 HG4 1PS  | 4B
 BB1 9GJ  | 8B
 LA3 3JY  | 3N
 IV1 1NE  | 6E
 BN1 6WQ  | 1A
 HD7 3AF  | 7F
 PE36 6BQ | 2L
 EN1 4LD  | 1W
 WD25 0HG | 1U
 MK3 7DW  | 6E
 CR2 7LR  | 2F
 BT82 8AL | 2X
 SE10 9LH | 5B
 HP16 9QH | 3U
 HA5 5QF  | 4L
 YO25 0BR | 9F
 SR4 9EW  | 4P
 SP3 5ZU  | 4P
 CO13 0US | 5N
 SW10 0NZ | 3E
 KA1 2LA  | 5D
 WA8 3HZ  | 7H
 RG5 3YQ  | 4B
 SW6 6NH  | 4A
 CM9 6SS  | 8D
 DT2 9QZ  | 2Y
 CM16 7RQ | 1E
 EH45 8PE | 8E
 EC1R 4PY | 2Q
 OX28 5GF | 1G
 KY16 9UB | 3X
 GL12 8YA | 6L
 HD6 4AU  | 8H
 L1 5HA   | 1X
 M7 4SA   | 8P
 WD3 1FE  | 3Q
 N6 5TS   | 7P
 RG2 7DS  | 8X
 TR15 1LP | 6G
 L69 7RR  | 3A
 HA7 9AX  | 6N
 WF9 1EH  | 1G
 TA12 6BT | 7R
 S8 8LF   | 8B
 NW4 4YQ  | 1E
 SE4 1RT  | 3S
 SO14 2RD | 5P
 RH20 3PL | 2A
 TA2 7LA  | 2L
 PO14 3SL | 8R
 BB2 3UR  | 4J
 NG9 9DW  | 6X
 DN19 7AR | 6G
 BL1 5SX  | 6H
 OX11 7PR | 5J
 RG30 2YY | 4A
 OX17 3SN | 4P
 NE12 7PT | 3A
 GU29 0QD | 4Y
 E10 5DB  | 5N
 BD16 4YJ | 3T
 SA15 3EF | 4Y
 DA4 9NA  | 7J
 DN36 4RD | 6D
 BT8 6JS  | 4H
 ML2 7WH  | 7P
 RM17 6QU | 5T
 IP14 3JA | 7J
 M30 0RW  | 1B
 M3 7NJ   | 2D
 AL10 9PH | 6Q
 DA16 1DH | 5D
(4000 rows)

